[0.084s] Invoking command in '/home/d/Finale/pi-code/build/serial': CMAKE_PREFIX_PATH=${CMAKE_PREFIX_PATH}:/home/d/Finale/pi-code/install/joy_tester:/opt/ros/humble /usr/bin/cmake /home/d/Finale/pi-code/src/serial -DAMENT_CMAKE_SYMLINK_INSTALL=1 -DCMAKE_INSTALL_PREFIX=/home/d/Finale/pi-code/install/serial
[0.363s] -- The CXX compiler identification is GNU 11.4.0
[0.430s] -- Detecting CXX compiler ABI info
[0.980s] -- Detecting CXX compiler ABI info - done
[1.044s] -- Check for working CXX compiler: /usr/bin/gcc-11 - skipped
[1.044s] -- Detecting CXX compile features
[1.045s] -- Detecting CXX compile features - done
[1.060s] -- Found ament_cmake: 1.3.12 (/opt/ros/humble/share/ament_cmake/cmake)
[2.198s] -- Found Python3: /usr/bin/python3 (found version "3.10.12") found components: Interpreter 
[2.701s] -- Override CMake install command with custom implementation using symlinks instead of copying resources
[3.771s] -- Configuring done
[3.844s] -- Generating done
[3.901s] -- Build files have been written to: /home/d/Finale/pi-code/build/serial
[3.946s] Invoked command in '/home/d/Finale/pi-code/build/serial' returned '0': CMAKE_PREFIX_PATH=${CMAKE_PREFIX_PATH}:/home/d/Finale/pi-code/install/joy_tester:/opt/ros/humble /usr/bin/cmake /home/d/Finale/pi-code/src/serial -DAMENT_CMAKE_SYMLINK_INSTALL=1 -DCMAKE_INSTALL_PREFIX=/home/d/Finale/pi-code/install/serial
[3.964s] Invoking command in '/home/d/Finale/pi-code/build/serial': CMAKE_PREFIX_PATH=${CMAKE_PREFIX_PATH}:/home/d/Finale/pi-code/install/joy_tester:/opt/ros/humble /usr/bin/cmake --build /home/d/Finale/pi-code/build/serial -- -j4 -l4
[4.356s] [ 25%] [32mBuilding CXX object CMakeFiles/serial.dir/src/impl/list_ports/list_ports_linux.cc.o[0m
[4.369s] [ 50%] [32mBuilding CXX object CMakeFiles/serial.dir/src/serial.cc.o[0m
[4.393s] [ 75%] [32mBuilding CXX object CMakeFiles/serial.dir/src/impl/unix.cc.o[0m
[10.404s] [100%] [32m[1mLinking CXX static library libserial.a[0m
[10.848s] [100%] Built target serial
[10.974s] Invoked command in '/home/d/Finale/pi-code/build/serial' returned '0': CMAKE_PREFIX_PATH=${CMAKE_PREFIX_PATH}:/home/d/Finale/pi-code/install/joy_tester:/opt/ros/humble /usr/bin/cmake --build /home/d/Finale/pi-code/build/serial -- -j4 -l4
[11.000s] Invoking command in '/home/d/Finale/pi-code/build/serial': CMAKE_PREFIX_PATH=${CMAKE_PREFIX_PATH}:/home/d/Finale/pi-code/install/joy_tester:/opt/ros/humble /usr/bin/cmake --install /home/d/Finale/pi-code/build/serial
[11.059s] -- Install configuration: ""
[11.067s] -- Execute custom install script
[11.068s] -- Symlinking: /home/d/Finale/pi-code/install/serial/share/serial/environment/library_path.sh
[11.164s] -- Symlinking: /home/d/Finale/pi-code/install/serial/share/serial/environment/library_path.dsv
[11.224s] -- Symlinking: /home/d/Finale/pi-code/install/serial/lib/libserial.a
[11.290s] -- Symlinking: /home/d/Finale/pi-code/install/serial/include/serial/serial.h
[11.337s] -- Symlinking: /home/d/Finale/pi-code/install/serial/include/serial/v8stdint.h
[11.402s] -- Symlinking: /home/d/Finale/pi-code/install/serial/share/ament_index/resource_index/package_run_dependencies/serial
[11.457s] -- Symlinking: /home/d/Finale/pi-code/install/serial/share/ament_index/resource_index/parent_prefix_path/serial
[11.509s] -- Symlinking: /home/d/Finale/pi-code/install/serial/share/serial/environment/ament_prefix_path.sh
[11.569s] -- Symlinking: /home/d/Finale/pi-code/install/serial/share/serial/environment/ament_prefix_path.dsv
[11.631s] -- Symlinking: /home/d/Finale/pi-code/install/serial/share/serial/environment/path.sh
[11.690s] -- Symlinking: /home/d/Finale/pi-code/install/serial/share/serial/environment/path.dsv
[11.741s] -- Symlinking: /home/d/Finale/pi-code/install/serial/share/serial/local_setup.bash
[11.791s] -- Symlinking: /home/d/Finale/pi-code/install/serial/share/serial/local_setup.sh
[11.850s] -- Symlinking: /home/d/Finale/pi-code/install/serial/share/serial/local_setup.zsh
[11.940s] -- Symlinking: /home/d/Finale/pi-code/install/serial/share/serial/local_setup.dsv
[12.003s] -- Symlinking: /home/d/Finale/pi-code/install/serial/share/serial/package.dsv
[12.161s] -- Symlinking: /home/d/Finale/pi-code/install/serial/share/ament_index/resource_index/packages/serial
[12.292s] -- Symlinking: /home/d/Finale/pi-code/install/serial/share/serial/cmake/ament_cmake_export_include_directories-extras.cmake
[12.403s] -- Symlinking: /home/d/Finale/pi-code/install/serial/share/serial/cmake/ament_cmake_export_libraries-extras.cmake
[12.518s] -- Symlinking: /home/d/Finale/pi-code/install/serial/share/serial/cmake/serialConfig.cmake
[12.651s] -- Symlinking: /home/d/Finale/pi-code/install/serial/share/serial/cmake/serialConfig-version.cmake
[12.734s] -- Symlinking: /home/d/Finale/pi-code/install/serial/share/serial/package.xml
[12.895s] Invoked command in '/home/d/Finale/pi-code/build/serial' returned '0': CMAKE_PREFIX_PATH=${CMAKE_PREFIX_PATH}:/home/d/Finale/pi-code/install/joy_tester:/opt/ros/humble /usr/bin/cmake --install /home/d/Finale/pi-code/build/serial
