[0.333s] DEBUG:colcon:Command line arguments: ['/usr/bin/colcon', 'build', '--symlink-install']
[0.333s] DEBUG:colcon:Parsed command line arguments: Namespace(log_base=None, log_level=None, verb_name='build', build_base='build', install_base='install', merge_install=False, symlink_install=True, test_result_base=None, continue_on_error=False, executor='parallel', parallel_workers=4, event_handlers=None, ignore_user_meta=False, metas=['./colcon.meta'], base_paths=['.'], packages_ignore=None, packages_ignore_regex=None, paths=None, packages_up_to=None, packages_up_to_regex=None, packages_above=None, packages_above_and_dependencies=None, packages_above_depth=None, packages_select_by_dep=None, packages_skip_by_dep=None, packages_skip_up_to=None, packages_select_build_failed=False, packages_skip_build_finished=False, packages_select_test_failures=False, packages_skip_test_passed=False, packages_select=None, packages_skip=None, packages_select_regex=None, packages_skip_regex=None, packages_start=None, packages_end=None, allow_overriding=[], cmake_args=None, cmake_target=None, cmake_target_skip_unavailable=False, cmake_clean_cache=False, cmake_clean_first=False, cmake_force_configure=False, ament_cmake_args=None, catkin_cmake_args=None, catkin_skip_building_tests=False, mixin_files=None, mixin=None, verb_parser=<colcon_mixin.mixin.mixin_argument.MixinArgumentDecorator object at 0x77aee929acb0>, verb_extension=<colcon_core.verb.build.BuildVerb object at 0x77aee939fdc0>, main=<bound method BuildVerb.main of <colcon_core.verb.build.BuildVerb object at 0x77aee939fdc0>>, mixin_verb=('build',))
[1.082s] Level 1:colcon.colcon_core.package_discovery:discover_packages(colcon_meta) check parameters
[1.082s] Level 1:colcon.colcon_core.package_discovery:discover_packages(recursive) check parameters
[1.082s] Level 1:colcon.colcon_core.package_discovery:discover_packages(ignore) check parameters
[1.082s] Level 1:colcon.colcon_core.package_discovery:discover_packages(path) check parameters
[1.082s] Level 1:colcon.colcon_core.package_discovery:discover_packages(colcon_meta) discover
[1.082s] Level 1:colcon.colcon_core.package_discovery:discover_packages(recursive) discover
[1.083s] INFO:colcon.colcon_core.package_discovery:Crawling recursively for packages in '/home/d/Finale/pi-code'
[1.083s] Level 1:colcon.colcon_core.package_identification:_identify(.) by extensions ['ignore', 'ignore_ament_install']
[1.083s] Level 1:colcon.colcon_core.package_identification:_identify(.) by extension 'ignore'
[1.083s] Level 1:colcon.colcon_core.package_identification:_identify(.) by extension 'ignore_ament_install'
[1.084s] Level 1:colcon.colcon_core.package_identification:_identify(.) by extensions ['colcon_pkg']
[1.084s] Level 1:colcon.colcon_core.package_identification:_identify(.) by extension 'colcon_pkg'
[1.084s] Level 1:colcon.colcon_core.package_identification:_identify(.) by extensions ['colcon_meta']
[1.084s] Level 1:colcon.colcon_core.package_identification:_identify(.) by extension 'colcon_meta'
[1.084s] Level 1:colcon.colcon_core.package_identification:_identify(.) by extensions ['ros']
[1.084s] Level 1:colcon.colcon_core.package_identification:_identify(.) by extension 'ros'
[1.123s] Level 1:colcon.colcon_core.package_identification:_identify(.) by extensions ['cmake', 'python']
[1.124s] Level 1:colcon.colcon_core.package_identification:_identify(.) by extension 'cmake'
[1.124s] Level 1:colcon.colcon_core.package_identification:_identify(.) by extension 'python'
[1.124s] Level 1:colcon.colcon_core.package_identification:_identify(.) by extensions ['python_setup_py']
[1.124s] Level 1:colcon.colcon_core.package_identification:_identify(.) by extension 'python_setup_py'
[1.124s] Level 1:colcon.colcon_core.package_identification:_identify(build) by extensions ['ignore', 'ignore_ament_install']
[1.125s] Level 1:colcon.colcon_core.package_identification:_identify(build) by extension 'ignore'
[1.125s] Level 1:colcon.colcon_core.package_identification:_identify(build) ignored
[1.125s] Level 1:colcon.colcon_core.package_identification:_identify(install) by extensions ['ignore', 'ignore_ament_install']
[1.126s] Level 1:colcon.colcon_core.package_identification:_identify(install) by extension 'ignore'
[1.126s] Level 1:colcon.colcon_core.package_identification:_identify(install) ignored
[1.126s] Level 1:colcon.colcon_core.package_identification:_identify(log) by extensions ['ignore', 'ignore_ament_install']
[1.126s] Level 1:colcon.colcon_core.package_identification:_identify(log) by extension 'ignore'
[1.126s] Level 1:colcon.colcon_core.package_identification:_identify(log) ignored
[1.127s] Level 1:colcon.colcon_core.package_identification:_identify(src) by extensions ['ignore', 'ignore_ament_install']
[1.127s] Level 1:colcon.colcon_core.package_identification:_identify(src) by extension 'ignore'
[1.127s] Level 1:colcon.colcon_core.package_identification:_identify(src) by extension 'ignore_ament_install'
[1.127s] Level 1:colcon.colcon_core.package_identification:_identify(src) by extensions ['colcon_pkg']
[1.127s] Level 1:colcon.colcon_core.package_identification:_identify(src) by extension 'colcon_pkg'
[1.128s] Level 1:colcon.colcon_core.package_identification:_identify(src) by extensions ['colcon_meta']
[1.128s] Level 1:colcon.colcon_core.package_identification:_identify(src) by extension 'colcon_meta'
[1.128s] Level 1:colcon.colcon_core.package_identification:_identify(src) by extensions ['ros']
[1.128s] Level 1:colcon.colcon_core.package_identification:_identify(src) by extension 'ros'
[1.128s] Level 1:colcon.colcon_core.package_identification:_identify(src) by extensions ['cmake', 'python']
[1.128s] Level 1:colcon.colcon_core.package_identification:_identify(src) by extension 'cmake'
[1.128s] Level 1:colcon.colcon_core.package_identification:_identify(src) by extension 'python'
[1.129s] Level 1:colcon.colcon_core.package_identification:_identify(src) by extensions ['python_setup_py']
[1.129s] Level 1:colcon.colcon_core.package_identification:_identify(src) by extension 'python_setup_py'
[1.129s] Level 1:colcon.colcon_core.package_identification:_identify(src/diffdrive_arduino) by extensions ['ignore', 'ignore_ament_install']
[1.129s] Level 1:colcon.colcon_core.package_identification:_identify(src/diffdrive_arduino) by extension 'ignore'
[1.129s] Level 1:colcon.colcon_core.package_identification:_identify(src/diffdrive_arduino) by extension 'ignore_ament_install'
[1.130s] Level 1:colcon.colcon_core.package_identification:_identify(src/diffdrive_arduino) by extensions ['colcon_pkg']
[1.130s] Level 1:colcon.colcon_core.package_identification:_identify(src/diffdrive_arduino) by extension 'colcon_pkg'
[1.130s] Level 1:colcon.colcon_core.package_identification:_identify(src/diffdrive_arduino) by extensions ['colcon_meta']
[1.130s] Level 1:colcon.colcon_core.package_identification:_identify(src/diffdrive_arduino) by extension 'colcon_meta'
[1.130s] Level 1:colcon.colcon_core.package_identification:_identify(src/diffdrive_arduino) by extensions ['ros']
[1.130s] Level 1:colcon.colcon_core.package_identification:_identify(src/diffdrive_arduino) by extension 'ros'
[1.141s] DEBUG:colcon.colcon_core.package_identification:Package 'src/diffdrive_arduino' with type 'ros.ament_cmake' and name 'diffdrive_arduino'
[1.142s] Level 1:colcon.colcon_core.package_identification:_identify(src/jkl) by extensions ['ignore', 'ignore_ament_install']
[1.142s] Level 1:colcon.colcon_core.package_identification:_identify(src/jkl) by extension 'ignore'
[1.142s] Level 1:colcon.colcon_core.package_identification:_identify(src/jkl) by extension 'ignore_ament_install'
[1.143s] Level 1:colcon.colcon_core.package_identification:_identify(src/jkl) by extensions ['colcon_pkg']
[1.143s] Level 1:colcon.colcon_core.package_identification:_identify(src/jkl) by extension 'colcon_pkg'
[1.143s] Level 1:colcon.colcon_core.package_identification:_identify(src/jkl) by extensions ['colcon_meta']
[1.143s] Level 1:colcon.colcon_core.package_identification:_identify(src/jkl) by extension 'colcon_meta'
[1.143s] Level 1:colcon.colcon_core.package_identification:_identify(src/jkl) by extensions ['ros']
[1.143s] Level 1:colcon.colcon_core.package_identification:_identify(src/jkl) by extension 'ros'
[1.145s] DEBUG:colcon.colcon_core.package_identification:Package 'src/jkl' with type 'ros.ament_cmake' and name 'jkl'
[1.145s] Level 1:colcon.colcon_core.package_identification:_identify(src/joy_tester) by extensions ['ignore', 'ignore_ament_install']
[1.146s] Level 1:colcon.colcon_core.package_identification:_identify(src/joy_tester) by extension 'ignore'
[1.146s] Level 1:colcon.colcon_core.package_identification:_identify(src/joy_tester) by extension 'ignore_ament_install'
[1.146s] Level 1:colcon.colcon_core.package_identification:_identify(src/joy_tester) by extensions ['colcon_pkg']
[1.146s] Level 1:colcon.colcon_core.package_identification:_identify(src/joy_tester) by extension 'colcon_pkg'
[1.146s] Level 1:colcon.colcon_core.package_identification:_identify(src/joy_tester) by extensions ['colcon_meta']
[1.146s] Level 1:colcon.colcon_core.package_identification:_identify(src/joy_tester) by extension 'colcon_meta'
[1.146s] Level 1:colcon.colcon_core.package_identification:_identify(src/joy_tester) by extensions ['ros']
[1.147s] Level 1:colcon.colcon_core.package_identification:_identify(src/joy_tester) by extension 'ros'
[1.149s] DEBUG:colcon.colcon_core.package_identification:Package 'src/joy_tester' with type 'ros.ament_python' and name 'joy_tester'
[1.149s] Level 1:colcon.colcon_core.package_identification:_identify(src/rplidar_ros) by extensions ['ignore', 'ignore_ament_install']
[1.149s] Level 1:colcon.colcon_core.package_identification:_identify(src/rplidar_ros) by extension 'ignore'
[1.149s] Level 1:colcon.colcon_core.package_identification:_identify(src/rplidar_ros) by extension 'ignore_ament_install'
[1.150s] Level 1:colcon.colcon_core.package_identification:_identify(src/rplidar_ros) by extensions ['colcon_pkg']
[1.150s] Level 1:colcon.colcon_core.package_identification:_identify(src/rplidar_ros) by extension 'colcon_pkg'
[1.150s] Level 1:colcon.colcon_core.package_identification:_identify(src/rplidar_ros) by extensions ['colcon_meta']
[1.150s] Level 1:colcon.colcon_core.package_identification:_identify(src/rplidar_ros) by extension 'colcon_meta'
[1.150s] Level 1:colcon.colcon_core.package_identification:_identify(src/rplidar_ros) by extensions ['ros']
[1.150s] Level 1:colcon.colcon_core.package_identification:_identify(src/rplidar_ros) by extension 'ros'
[1.152s] DEBUG:colcon.colcon_core.package_identification:Package 'src/rplidar_ros' with type 'ros.ament_cmake' and name 'rplidar_ros'
[1.153s] Level 1:colcon.colcon_core.package_identification:_identify(src/serial) by extensions ['ignore', 'ignore_ament_install']
[1.153s] Level 1:colcon.colcon_core.package_identification:_identify(src/serial) by extension 'ignore'
[1.153s] Level 1:colcon.colcon_core.package_identification:_identify(src/serial) by extension 'ignore_ament_install'
[1.153s] Level 1:colcon.colcon_core.package_identification:_identify(src/serial) by extensions ['colcon_pkg']
[1.153s] Level 1:colcon.colcon_core.package_identification:_identify(src/serial) by extension 'colcon_pkg'
[1.153s] Level 1:colcon.colcon_core.package_identification:_identify(src/serial) by extensions ['colcon_meta']
[1.154s] Level 1:colcon.colcon_core.package_identification:_identify(src/serial) by extension 'colcon_meta'
[1.154s] Level 1:colcon.colcon_core.package_identification:_identify(src/serial) by extensions ['ros']
[1.154s] Level 1:colcon.colcon_core.package_identification:_identify(src/serial) by extension 'ros'
[1.156s] DEBUG:colcon.colcon_core.package_identification:Package 'src/serial' with type 'ros.ament_cmake' and name 'serial'
[1.156s] Level 1:colcon.colcon_core.package_identification:_identify(src/serial_motor_demo) by extensions ['ignore', 'ignore_ament_install']
[1.156s] Level 1:colcon.colcon_core.package_identification:_identify(src/serial_motor_demo) by extension 'ignore'
[1.157s] Level 1:colcon.colcon_core.package_identification:_identify(src/serial_motor_demo) by extension 'ignore_ament_install'
[1.157s] Level 1:colcon.colcon_core.package_identification:_identify(src/serial_motor_demo) by extensions ['colcon_pkg']
[1.157s] Level 1:colcon.colcon_core.package_identification:_identify(src/serial_motor_demo) by extension 'colcon_pkg'
[1.157s] Level 1:colcon.colcon_core.package_identification:_identify(src/serial_motor_demo) by extensions ['colcon_meta']
[1.157s] Level 1:colcon.colcon_core.package_identification:_identify(src/serial_motor_demo) by extension 'colcon_meta'
[1.157s] Level 1:colcon.colcon_core.package_identification:_identify(src/serial_motor_demo) by extensions ['ros']
[1.157s] Level 1:colcon.colcon_core.package_identification:_identify(src/serial_motor_demo) by extension 'ros'
[1.158s] Level 1:colcon.colcon_core.package_identification:_identify(src/serial_motor_demo) by extensions ['cmake', 'python']
[1.158s] Level 1:colcon.colcon_core.package_identification:_identify(src/serial_motor_demo) by extension 'cmake'
[1.158s] Level 1:colcon.colcon_core.package_identification:_identify(src/serial_motor_demo) by extension 'python'
[1.158s] Level 1:colcon.colcon_core.package_identification:_identify(src/serial_motor_demo) by extensions ['python_setup_py']
[1.158s] Level 1:colcon.colcon_core.package_identification:_identify(src/serial_motor_demo) by extension 'python_setup_py'
[1.159s] Level 1:colcon.colcon_core.package_identification:_identify(src/serial_motor_demo/serial_motor_demo) by extensions ['ignore', 'ignore_ament_install']
[1.159s] Level 1:colcon.colcon_core.package_identification:_identify(src/serial_motor_demo/serial_motor_demo) by extension 'ignore'
[1.159s] Level 1:colcon.colcon_core.package_identification:_identify(src/serial_motor_demo/serial_motor_demo) by extension 'ignore_ament_install'
[1.160s] Level 1:colcon.colcon_core.package_identification:_identify(src/serial_motor_demo/serial_motor_demo) by extensions ['colcon_pkg']
[1.160s] Level 1:colcon.colcon_core.package_identification:_identify(src/serial_motor_demo/serial_motor_demo) by extension 'colcon_pkg'
[1.160s] Level 1:colcon.colcon_core.package_identification:_identify(src/serial_motor_demo/serial_motor_demo) by extensions ['colcon_meta']
[1.160s] Level 1:colcon.colcon_core.package_identification:_identify(src/serial_motor_demo/serial_motor_demo) by extension 'colcon_meta'
[1.160s] Level 1:colcon.colcon_core.package_identification:_identify(src/serial_motor_demo/serial_motor_demo) by extensions ['ros']
[1.161s] Level 1:colcon.colcon_core.package_identification:_identify(src/serial_motor_demo/serial_motor_demo) by extension 'ros'
[1.163s] DEBUG:colcon.colcon_core.package_identification:Package 'src/serial_motor_demo/serial_motor_demo' with type 'ros.ament_python' and name 'serial_motor_demo'
[1.163s] Level 1:colcon.colcon_core.package_identification:_identify(src/serial_motor_demo/serial_motor_demo_msgs) by extensions ['ignore', 'ignore_ament_install']
[1.163s] Level 1:colcon.colcon_core.package_identification:_identify(src/serial_motor_demo/serial_motor_demo_msgs) by extension 'ignore'
[1.163s] Level 1:colcon.colcon_core.package_identification:_identify(src/serial_motor_demo/serial_motor_demo_msgs) by extension 'ignore_ament_install'
[1.164s] Level 1:colcon.colcon_core.package_identification:_identify(src/serial_motor_demo/serial_motor_demo_msgs) by extensions ['colcon_pkg']
[1.164s] Level 1:colcon.colcon_core.package_identification:_identify(src/serial_motor_demo/serial_motor_demo_msgs) by extension 'colcon_pkg'
[1.164s] Level 1:colcon.colcon_core.package_identification:_identify(src/serial_motor_demo/serial_motor_demo_msgs) by extensions ['colcon_meta']
[1.164s] Level 1:colcon.colcon_core.package_identification:_identify(src/serial_motor_demo/serial_motor_demo_msgs) by extension 'colcon_meta'
[1.164s] Level 1:colcon.colcon_core.package_identification:_identify(src/serial_motor_demo/serial_motor_demo_msgs) by extensions ['ros']
[1.164s] Level 1:colcon.colcon_core.package_identification:_identify(src/serial_motor_demo/serial_motor_demo_msgs) by extension 'ros'
[1.166s] DEBUG:colcon.colcon_core.package_identification:Package 'src/serial_motor_demo/serial_motor_demo_msgs' with type 'ros.ament_cmake' and name 'serial_motor_demo_msgs'
[1.166s] Level 1:colcon.colcon_core.package_discovery:discover_packages(recursive) using defaults
[1.166s] Level 1:colcon.colcon_core.package_discovery:discover_packages(ignore) discover
[1.166s] Level 1:colcon.colcon_core.package_discovery:discover_packages(ignore) using defaults
[1.166s] Level 1:colcon.colcon_core.package_discovery:discover_packages(path) discover
[1.166s] Level 1:colcon.colcon_core.package_discovery:discover_packages(path) using defaults
[1.223s] Level 1:colcon.colcon_core.package_discovery:discover_packages(prefix_path) check parameters
[1.223s] Level 1:colcon.colcon_core.package_discovery:discover_packages(prefix_path) discover
[1.226s] WARNING:colcon.colcon_ros.prefix_path.ament:The path '/home/d/Finale/pi-code/install/serial_motor_demo_msgs' in the environment variable AMENT_PREFIX_PATH doesn't exist
[1.226s] WARNING:colcon.colcon_ros.prefix_path.ament:The path '/home/d/Finale/pi-code/install/serial' in the environment variable AMENT_PREFIX_PATH doesn't exist
[1.227s] WARNING:colcon.colcon_ros.prefix_path.catkin:The path '/home/d/Finale/pi-code/install/serial_motor_demo_msgs' in the environment variable CMAKE_PREFIX_PATH doesn't exist
[1.227s] WARNING:colcon.colcon_ros.prefix_path.catkin:The path '/home/d/Finale/pi-code/install/serial' in the environment variable CMAKE_PREFIX_PATH doesn't exist
[1.229s] DEBUG:colcon.colcon_installed_package_information.package_discovery:Found 1 installed packages in /home/d/Finale/pi-code/install
[1.234s] DEBUG:colcon.colcon_installed_package_information.package_discovery:Found 425 installed packages in /opt/ros/humble
[1.244s] Level 1:colcon.colcon_core.package_discovery:discover_packages(prefix_path) using defaults
[1.394s] Level 5:colcon.colcon_core.verb:set package 'jkl' build argument 'cmake_args' from command line to 'None'
[1.394s] Level 5:colcon.colcon_core.verb:set package 'jkl' build argument 'cmake_target' from command line to 'None'
[1.394s] Level 5:colcon.colcon_core.verb:set package 'jkl' build argument 'cmake_target_skip_unavailable' from command line to 'False'
[1.395s] Level 5:colcon.colcon_core.verb:set package 'jkl' build argument 'cmake_clean_cache' from command line to 'False'
[1.395s] Level 5:colcon.colcon_core.verb:set package 'jkl' build argument 'cmake_clean_first' from command line to 'False'
[1.395s] Level 5:colcon.colcon_core.verb:set package 'jkl' build argument 'cmake_force_configure' from command line to 'False'
[1.395s] Level 5:colcon.colcon_core.verb:set package 'jkl' build argument 'ament_cmake_args' from command line to 'None'
[1.395s] Level 5:colcon.colcon_core.verb:set package 'jkl' build argument 'catkin_cmake_args' from command line to 'None'
[1.395s] Level 5:colcon.colcon_core.verb:set package 'jkl' build argument 'catkin_skip_building_tests' from command line to 'False'
[1.395s] DEBUG:colcon.colcon_core.verb:Building package 'jkl' with the following arguments: {'ament_cmake_args': None, 'build_base': '/home/d/Finale/pi-code/build/jkl', 'catkin_cmake_args': None, 'catkin_skip_building_tests': False, 'cmake_args': None, 'cmake_clean_cache': False, 'cmake_clean_first': False, 'cmake_force_configure': False, 'cmake_target': None, 'cmake_target_skip_unavailable': False, 'install_base': '/home/d/Finale/pi-code/install/jkl', 'merge_install': False, 'path': '/home/d/Finale/pi-code/src/jkl', 'symlink_install': True, 'test_result_base': None}
[1.396s] Level 5:colcon.colcon_core.verb:set package 'joy_tester' build argument 'cmake_args' from command line to 'None'
[1.396s] Level 5:colcon.colcon_core.verb:set package 'joy_tester' build argument 'cmake_target' from command line to 'None'
[1.396s] Level 5:colcon.colcon_core.verb:set package 'joy_tester' build argument 'cmake_target_skip_unavailable' from command line to 'False'
[1.396s] Level 5:colcon.colcon_core.verb:set package 'joy_tester' build argument 'cmake_clean_cache' from command line to 'False'
[1.396s] Level 5:colcon.colcon_core.verb:set package 'joy_tester' build argument 'cmake_clean_first' from command line to 'False'
[1.396s] Level 5:colcon.colcon_core.verb:set package 'joy_tester' build argument 'cmake_force_configure' from command line to 'False'
[1.396s] Level 5:colcon.colcon_core.verb:set package 'joy_tester' build argument 'ament_cmake_args' from command line to 'None'
[1.397s] Level 5:colcon.colcon_core.verb:set package 'joy_tester' build argument 'catkin_cmake_args' from command line to 'None'
[1.397s] Level 5:colcon.colcon_core.verb:set package 'joy_tester' build argument 'catkin_skip_building_tests' from command line to 'False'
[1.397s] DEBUG:colcon.colcon_core.verb:Building package 'joy_tester' with the following arguments: {'ament_cmake_args': None, 'build_base': '/home/d/Finale/pi-code/build/joy_tester', 'catkin_cmake_args': None, 'catkin_skip_building_tests': False, 'cmake_args': None, 'cmake_clean_cache': False, 'cmake_clean_first': False, 'cmake_force_configure': False, 'cmake_target': None, 'cmake_target_skip_unavailable': False, 'install_base': '/home/d/Finale/pi-code/install/joy_tester', 'merge_install': False, 'path': '/home/d/Finale/pi-code/src/joy_tester', 'symlink_install': True, 'test_result_base': None}
[1.398s] Level 5:colcon.colcon_core.verb:set package 'rplidar_ros' build argument 'cmake_args' from command line to 'None'
[1.398s] Level 5:colcon.colcon_core.verb:set package 'rplidar_ros' build argument 'cmake_target' from command line to 'None'
[1.398s] Level 5:colcon.colcon_core.verb:set package 'rplidar_ros' build argument 'cmake_target_skip_unavailable' from command line to 'False'
[1.398s] Level 5:colcon.colcon_core.verb:set package 'rplidar_ros' build argument 'cmake_clean_cache' from command line to 'False'
[1.398s] Level 5:colcon.colcon_core.verb:set package 'rplidar_ros' build argument 'cmake_clean_first' from command line to 'False'
[1.398s] Level 5:colcon.colcon_core.verb:set package 'rplidar_ros' build argument 'cmake_force_configure' from command line to 'False'
[1.398s] Level 5:colcon.colcon_core.verb:set package 'rplidar_ros' build argument 'ament_cmake_args' from command line to 'None'
[1.398s] Level 5:colcon.colcon_core.verb:set package 'rplidar_ros' build argument 'catkin_cmake_args' from command line to 'None'
[1.398s] Level 5:colcon.colcon_core.verb:set package 'rplidar_ros' build argument 'catkin_skip_building_tests' from command line to 'False'
[1.398s] DEBUG:colcon.colcon_core.verb:Building package 'rplidar_ros' with the following arguments: {'ament_cmake_args': None, 'build_base': '/home/d/Finale/pi-code/build/rplidar_ros', 'catkin_cmake_args': None, 'catkin_skip_building_tests': False, 'cmake_args': None, 'cmake_clean_cache': False, 'cmake_clean_first': False, 'cmake_force_configure': False, 'cmake_target': None, 'cmake_target_skip_unavailable': False, 'install_base': '/home/d/Finale/pi-code/install/rplidar_ros', 'merge_install': False, 'path': '/home/d/Finale/pi-code/src/rplidar_ros', 'symlink_install': True, 'test_result_base': None}
[1.399s] Level 5:colcon.colcon_core.verb:set package 'serial' build argument 'cmake_args' from command line to 'None'
[1.399s] Level 5:colcon.colcon_core.verb:set package 'serial' build argument 'cmake_target' from command line to 'None'
[1.399s] Level 5:colcon.colcon_core.verb:set package 'serial' build argument 'cmake_target_skip_unavailable' from command line to 'False'
[1.399s] Level 5:colcon.colcon_core.verb:set package 'serial' build argument 'cmake_clean_cache' from command line to 'False'
[1.399s] Level 5:colcon.colcon_core.verb:set package 'serial' build argument 'cmake_clean_first' from command line to 'False'
[1.399s] Level 5:colcon.colcon_core.verb:set package 'serial' build argument 'cmake_force_configure' from command line to 'False'
[1.400s] Level 5:colcon.colcon_core.verb:set package 'serial' build argument 'ament_cmake_args' from command line to 'None'
[1.400s] Level 5:colcon.colcon_core.verb:set package 'serial' build argument 'catkin_cmake_args' from command line to 'None'
[1.400s] Level 5:colcon.colcon_core.verb:set package 'serial' build argument 'catkin_skip_building_tests' from command line to 'False'
[1.400s] DEBUG:colcon.colcon_core.verb:Building package 'serial' with the following arguments: {'ament_cmake_args': None, 'build_base': '/home/d/Finale/pi-code/build/serial', 'catkin_cmake_args': None, 'catkin_skip_building_tests': False, 'cmake_args': None, 'cmake_clean_cache': False, 'cmake_clean_first': False, 'cmake_force_configure': False, 'cmake_target': None, 'cmake_target_skip_unavailable': False, 'install_base': '/home/d/Finale/pi-code/install/serial', 'merge_install': False, 'path': '/home/d/Finale/pi-code/src/serial', 'symlink_install': True, 'test_result_base': None}
[1.401s] Level 5:colcon.colcon_core.verb:set package 'serial_motor_demo_msgs' build argument 'cmake_args' from command line to 'None'
[1.401s] Level 5:colcon.colcon_core.verb:set package 'serial_motor_demo_msgs' build argument 'cmake_target' from command line to 'None'
[1.401s] Level 5:colcon.colcon_core.verb:set package 'serial_motor_demo_msgs' build argument 'cmake_target_skip_unavailable' from command line to 'False'
[1.401s] Level 5:colcon.colcon_core.verb:set package 'serial_motor_demo_msgs' build argument 'cmake_clean_cache' from command line to 'False'
[1.401s] Level 5:colcon.colcon_core.verb:set package 'serial_motor_demo_msgs' build argument 'cmake_clean_first' from command line to 'False'
[1.401s] Level 5:colcon.colcon_core.verb:set package 'serial_motor_demo_msgs' build argument 'cmake_force_configure' from command line to 'False'
[1.401s] Level 5:colcon.colcon_core.verb:set package 'serial_motor_demo_msgs' build argument 'ament_cmake_args' from command line to 'None'
[1.401s] Level 5:colcon.colcon_core.verb:set package 'serial_motor_demo_msgs' build argument 'catkin_cmake_args' from command line to 'None'
[1.401s] Level 5:colcon.colcon_core.verb:set package 'serial_motor_demo_msgs' build argument 'catkin_skip_building_tests' from command line to 'False'
[1.401s] DEBUG:colcon.colcon_core.verb:Building package 'serial_motor_demo_msgs' with the following arguments: {'ament_cmake_args': None, 'build_base': '/home/d/Finale/pi-code/build/serial_motor_demo_msgs', 'catkin_cmake_args': None, 'catkin_skip_building_tests': False, 'cmake_args': None, 'cmake_clean_cache': False, 'cmake_clean_first': False, 'cmake_force_configure': False, 'cmake_target': None, 'cmake_target_skip_unavailable': False, 'install_base': '/home/d/Finale/pi-code/install/serial_motor_demo_msgs', 'merge_install': False, 'path': '/home/d/Finale/pi-code/src/serial_motor_demo/serial_motor_demo_msgs', 'symlink_install': True, 'test_result_base': None}
[1.402s] Level 5:colcon.colcon_core.verb:set package 'diffdrive_arduino' build argument 'cmake_args' from command line to 'None'
[1.403s] Level 5:colcon.colcon_core.verb:set package 'diffdrive_arduino' build argument 'cmake_target' from command line to 'None'
[1.403s] Level 5:colcon.colcon_core.verb:set package 'diffdrive_arduino' build argument 'cmake_target_skip_unavailable' from command line to 'False'
[1.403s] Level 5:colcon.colcon_core.verb:set package 'diffdrive_arduino' build argument 'cmake_clean_cache' from command line to 'False'
[1.403s] Level 5:colcon.colcon_core.verb:set package 'diffdrive_arduino' build argument 'cmake_clean_first' from command line to 'False'
[1.403s] Level 5:colcon.colcon_core.verb:set package 'diffdrive_arduino' build argument 'cmake_force_configure' from command line to 'False'
[1.403s] Level 5:colcon.colcon_core.verb:set package 'diffdrive_arduino' build argument 'ament_cmake_args' from command line to 'None'
[1.403s] Level 5:colcon.colcon_core.verb:set package 'diffdrive_arduino' build argument 'catkin_cmake_args' from command line to 'None'
[1.403s] Level 5:colcon.colcon_core.verb:set package 'diffdrive_arduino' build argument 'catkin_skip_building_tests' from command line to 'False'
[1.403s] DEBUG:colcon.colcon_core.verb:Building package 'diffdrive_arduino' with the following arguments: {'ament_cmake_args': None, 'build_base': '/home/d/Finale/pi-code/build/diffdrive_arduino', 'catkin_cmake_args': None, 'catkin_skip_building_tests': False, 'cmake_args': None, 'cmake_clean_cache': False, 'cmake_clean_first': False, 'cmake_force_configure': False, 'cmake_target': None, 'cmake_target_skip_unavailable': False, 'install_base': '/home/d/Finale/pi-code/install/diffdrive_arduino', 'merge_install': False, 'path': '/home/d/Finale/pi-code/src/diffdrive_arduino', 'symlink_install': True, 'test_result_base': None}
[1.404s] Level 5:colcon.colcon_core.verb:set package 'serial_motor_demo' build argument 'cmake_args' from command line to 'None'
[1.404s] Level 5:colcon.colcon_core.verb:set package 'serial_motor_demo' build argument 'cmake_target' from command line to 'None'
[1.404s] Level 5:colcon.colcon_core.verb:set package 'serial_motor_demo' build argument 'cmake_target_skip_unavailable' from command line to 'False'
[1.404s] Level 5:colcon.colcon_core.verb:set package 'serial_motor_demo' build argument 'cmake_clean_cache' from command line to 'False'
[1.404s] Level 5:colcon.colcon_core.verb:set package 'serial_motor_demo' build argument 'cmake_clean_first' from command line to 'False'
[1.405s] Level 5:colcon.colcon_core.verb:set package 'serial_motor_demo' build argument 'cmake_force_configure' from command line to 'False'
[1.405s] Level 5:colcon.colcon_core.verb:set package 'serial_motor_demo' build argument 'ament_cmake_args' from command line to 'None'
[1.405s] Level 5:colcon.colcon_core.verb:set package 'serial_motor_demo' build argument 'catkin_cmake_args' from command line to 'None'
[1.405s] Level 5:colcon.colcon_core.verb:set package 'serial_motor_demo' build argument 'catkin_skip_building_tests' from command line to 'False'
[1.405s] DEBUG:colcon.colcon_core.verb:Building package 'serial_motor_demo' with the following arguments: {'ament_cmake_args': None, 'build_base': '/home/d/Finale/pi-code/build/serial_motor_demo', 'catkin_cmake_args': None, 'catkin_skip_building_tests': False, 'cmake_args': None, 'cmake_clean_cache': False, 'cmake_clean_first': False, 'cmake_force_configure': False, 'cmake_target': None, 'cmake_target_skip_unavailable': False, 'install_base': '/home/d/Finale/pi-code/install/serial_motor_demo', 'merge_install': False, 'path': '/home/d/Finale/pi-code/src/serial_motor_demo/serial_motor_demo', 'symlink_install': True, 'test_result_base': None}
[1.405s] INFO:colcon.colcon_core.executor:Executing jobs using 'parallel' executor
[1.408s] DEBUG:colcon.colcon_parallel_executor.executor.parallel:run_until_complete
[1.408s] INFO:colcon.colcon_ros.task.ament_cmake.build:Building ROS package in '/home/d/Finale/pi-code/src/serial' with build type 'ament_cmake'
[1.409s] INFO:colcon.colcon_cmake.task.cmake.build:Building CMake package in '/home/d/Finale/pi-code/src/serial'
[1.416s] INFO:colcon.colcon_core.plugin_system:Skipping extension 'colcon_core.shell.bat': Not used on non-Windows systems
[1.416s] INFO:colcon.colcon_core.shell:Skip shell extension 'powershell' for command environment: Not usable outside of PowerShell
[1.417s] DEBUG:colcon.colcon_core.shell:Skip shell extension 'dsv' for command environment
[1.430s] INFO:colcon.colcon_ros.task.ament_cmake.build:Building ROS package in '/home/d/Finale/pi-code/src/serial_motor_demo/serial_motor_demo_msgs' with build type 'ament_cmake'
[1.431s] INFO:colcon.colcon_cmake.task.cmake.build:Building CMake package in '/home/d/Finale/pi-code/src/serial_motor_demo/serial_motor_demo_msgs'
[1.432s] INFO:colcon.colcon_core.shell:Skip shell extension 'powershell' for command environment: Not usable outside of PowerShell
[1.432s] DEBUG:colcon.colcon_core.shell:Skip shell extension 'dsv' for command environment
[1.444s] INFO:colcon.colcon_ros.task.ament_cmake.build:Building ROS package in '/home/d/Finale/pi-code/src/jkl' with build type 'ament_cmake'
[1.446s] INFO:colcon.colcon_cmake.task.cmake.build:Building CMake package in '/home/d/Finale/pi-code/src/jkl'
[1.447s] INFO:colcon.colcon_core.shell:Skip shell extension 'powershell' for command environment: Not usable outside of PowerShell
[1.447s] DEBUG:colcon.colcon_core.shell:Skip shell extension 'dsv' for command environment
[1.458s] INFO:colcon.colcon_ros.task.ament_python.build:Building ROS package in '/home/d/Finale/pi-code/src/joy_tester' with build type 'ament_python'
[1.459s] Level 1:colcon.colcon_core.shell:create_environment_hook('joy_tester', 'ament_prefix_path')
[1.460s] INFO:colcon.colcon_core.shell:Creating environment hook '/home/d/Finale/pi-code/install/joy_tester/share/joy_tester/hook/ament_prefix_path.ps1'
[1.462s] INFO:colcon.colcon_core.shell:Creating environment descriptor '/home/d/Finale/pi-code/install/joy_tester/share/joy_tester/hook/ament_prefix_path.dsv'
[1.464s] INFO:colcon.colcon_core.shell:Creating environment hook '/home/d/Finale/pi-code/install/joy_tester/share/joy_tester/hook/ament_prefix_path.sh'
[1.466s] INFO:colcon.colcon_core.shell:Skip shell extension 'powershell' for command environment: Not usable outside of PowerShell
[1.467s] DEBUG:colcon.colcon_core.shell:Skip shell extension 'dsv' for command environment
[1.496s] DEBUG:colcon.colcon_core.event_handler.log_command:Invoking command in '/home/d/Finale/pi-code/build/serial': CMAKE_PREFIX_PATH=${CMAKE_PREFIX_PATH}:/home/d/Finale/pi-code/install/joy_tester:/opt/ros/humble /usr/bin/cmake /home/d/Finale/pi-code/src/serial -DAMENT_CMAKE_SYMLINK_INSTALL=1 -DCMAKE_INSTALL_PREFIX=/home/d/Finale/pi-code/install/serial
[1.515s] DEBUG:colcon.colcon_core.event_handler.log_command:Invoking command in '/home/d/Finale/pi-code/build/serial_motor_demo_msgs': CMAKE_PREFIX_PATH=${CMAKE_PREFIX_PATH}:/home/d/Finale/pi-code/install/joy_tester:/opt/ros/humble /usr/bin/cmake /home/d/Finale/pi-code/src/serial_motor_demo/serial_motor_demo_msgs -DAMENT_CMAKE_SYMLINK_INSTALL=1 -DCMAKE_INSTALL_PREFIX=/home/d/Finale/pi-code/install/serial_motor_demo_msgs
[1.530s] DEBUG:colcon.colcon_core.event_handler.log_command:Invoking command in '/home/d/Finale/pi-code/build/jkl': CMAKE_PREFIX_PATH=${CMAKE_PREFIX_PATH}:/home/d/Finale/pi-code/install/joy_tester:/opt/ros/humble /usr/bin/cmake /home/d/Finale/pi-code/src/jkl -DAMENT_CMAKE_SYMLINK_INSTALL=1 -DCMAKE_INSTALL_PREFIX=/home/d/Finale/pi-code/install/jkl
[4.335s] INFO:colcon.colcon_core.task.python.build:Building Python package in '/home/d/Finale/pi-code/src/joy_tester'
[4.336s] INFO:colcon.colcon_core.shell:Skip shell extension 'powershell' for command environment: Not usable outside of PowerShell
[4.337s] DEBUG:colcon.colcon_core.shell:Skip shell extension 'dsv' for command environment
[5.284s] DEBUG:colcon.colcon_core.event_handler.log_command:Invoked command in '/home/d/Finale/pi-code/build/jkl' returned '0': CMAKE_PREFIX_PATH=${CMAKE_PREFIX_PATH}:/home/d/Finale/pi-code/install/joy_tester:/opt/ros/humble /usr/bin/cmake /home/d/Finale/pi-code/src/jkl -DAMENT_CMAKE_SYMLINK_INSTALL=1 -DCMAKE_INSTALL_PREFIX=/home/d/Finale/pi-code/install/jkl
[5.315s] DEBUG:colcon.colcon_core.event_handler.log_command:Invoking command in '/home/d/Finale/pi-code/build/jkl': CMAKE_PREFIX_PATH=${CMAKE_PREFIX_PATH}:/home/d/Finale/pi-code/install/joy_tester:/opt/ros/humble /usr/bin/cmake --build /home/d/Finale/pi-code/build/jkl -- -j4 -l4
[5.364s] DEBUG:colcon.colcon_core.event_handler.log_command:Invoked command in '/home/d/Finale/pi-code/build/serial' returned '0': CMAKE_PREFIX_PATH=${CMAKE_PREFIX_PATH}:/home/d/Finale/pi-code/install/joy_tester:/opt/ros/humble /usr/bin/cmake /home/d/Finale/pi-code/src/serial -DAMENT_CMAKE_SYMLINK_INSTALL=1 -DCMAKE_INSTALL_PREFIX=/home/d/Finale/pi-code/install/serial
[5.375s] DEBUG:colcon.colcon_core.event_handler.log_command:Invoking command in '/home/d/Finale/pi-code/build/serial': CMAKE_PREFIX_PATH=${CMAKE_PREFIX_PATH}:/home/d/Finale/pi-code/install/joy_tester:/opt/ros/humble /usr/bin/cmake --build /home/d/Finale/pi-code/build/serial -- -j4 -l4
[5.592s] DEBUG:colcon.colcon_core.event_handler.log_command:Invoked command in '/home/d/Finale/pi-code/build/jkl' returned '0': CMAKE_PREFIX_PATH=${CMAKE_PREFIX_PATH}:/home/d/Finale/pi-code/install/joy_tester:/opt/ros/humble /usr/bin/cmake --build /home/d/Finale/pi-code/build/jkl -- -j4 -l4
[5.695s] DEBUG:colcon.colcon_core.event_handler.log_command:Invoking command in '/home/d/Finale/pi-code/build/jkl': CMAKE_PREFIX_PATH=${CMAKE_PREFIX_PATH}:/home/d/Finale/pi-code/install/joy_tester:/opt/ros/humble /usr/bin/cmake --install /home/d/Finale/pi-code/build/jkl
[10.660s] Level 1:colcon.colcon_core.environment:create_environment_scripts_only(jkl)
[10.682s] DEBUG:colcon.colcon_core.event_handler.log_command:Invoked command in '/home/d/Finale/pi-code/build/jkl' returned '0': CMAKE_PREFIX_PATH=${CMAKE_PREFIX_PATH}:/home/d/Finale/pi-code/install/joy_tester:/opt/ros/humble /usr/bin/cmake --install /home/d/Finale/pi-code/build/jkl
[10.702s] Level 1:colcon.colcon_core.environment:checking '/home/d/Finale/pi-code/install/jkl' for CMake module files
[10.709s] Level 1:colcon.colcon_core.environment:checking '/home/d/Finale/pi-code/install/jkl' for CMake config files
[10.720s] Level 1:colcon.colcon_core.shell:create_environment_hook('jkl', 'cmake_prefix_path')
[10.723s] INFO:colcon.colcon_core.shell:Creating environment hook '/home/d/Finale/pi-code/install/jkl/share/jkl/hook/cmake_prefix_path.ps1'
[10.728s] INFO:colcon.colcon_core.shell:Creating environment descriptor '/home/d/Finale/pi-code/install/jkl/share/jkl/hook/cmake_prefix_path.dsv'
[10.733s] INFO:colcon.colcon_core.shell:Creating environment hook '/home/d/Finale/pi-code/install/jkl/share/jkl/hook/cmake_prefix_path.sh'
[10.747s] Level 1:colcon.colcon_core.environment:checking '/home/d/Finale/pi-code/install/jkl/bin'
[10.748s] Level 1:colcon.colcon_core.environment:checking '/home/d/Finale/pi-code/install/jkl/lib/pkgconfig/jkl.pc'
[10.750s] Level 1:colcon.colcon_core.environment:checking '/home/d/Finale/pi-code/install/jkl/lib/python3.10/site-packages'
[10.753s] Level 1:colcon.colcon_core.environment:checking '/home/d/Finale/pi-code/install/jkl/bin'
[10.756s] INFO:colcon.colcon_core.shell:Creating package script '/home/d/Finale/pi-code/install/jkl/share/jkl/package.ps1'
[10.764s] INFO:colcon.colcon_core.shell:Creating package descriptor '/home/d/Finale/pi-code/install/jkl/share/jkl/package.dsv'
[10.768s] INFO:colcon.colcon_core.shell:Creating package script '/home/d/Finale/pi-code/install/jkl/share/jkl/package.sh'
[10.774s] INFO:colcon.colcon_core.shell:Creating package script '/home/d/Finale/pi-code/install/jkl/share/jkl/package.bash'
[10.779s] INFO:colcon.colcon_core.shell:Creating package script '/home/d/Finale/pi-code/install/jkl/share/jkl/package.zsh'
[10.790s] Level 1:colcon.colcon_core.environment:create_file_with_runtime_dependencies(/home/d/Finale/pi-code/install/jkl/share/colcon-core/packages/jkl)
[10.794s] Level 1:colcon.colcon_core.environment:create_environment_scripts_only(jkl)
[10.798s] Level 1:colcon.colcon_core.environment:checking '/home/d/Finale/pi-code/install/jkl' for CMake module files
[10.803s] Level 1:colcon.colcon_core.environment:checking '/home/d/Finale/pi-code/install/jkl' for CMake config files
[10.806s] Level 1:colcon.colcon_core.shell:create_environment_hook('jkl', 'cmake_prefix_path')
[10.808s] INFO:colcon.colcon_core.shell:Creating environment hook '/home/d/Finale/pi-code/install/jkl/share/jkl/hook/cmake_prefix_path.ps1'
[10.811s] INFO:colcon.colcon_core.shell:Creating environment descriptor '/home/d/Finale/pi-code/install/jkl/share/jkl/hook/cmake_prefix_path.dsv'
[10.814s] INFO:colcon.colcon_core.shell:Creating environment hook '/home/d/Finale/pi-code/install/jkl/share/jkl/hook/cmake_prefix_path.sh'
[10.828s] Level 1:colcon.colcon_core.environment:checking '/home/d/Finale/pi-code/install/jkl/bin'
[10.829s] Level 1:colcon.colcon_core.environment:checking '/home/d/Finale/pi-code/install/jkl/lib/pkgconfig/jkl.pc'
[10.831s] Level 1:colcon.colcon_core.environment:checking '/home/d/Finale/pi-code/install/jkl/lib/python3.10/site-packages'
[10.836s] Level 1:colcon.colcon_core.environment:checking '/home/d/Finale/pi-code/install/jkl/bin'
[10.839s] INFO:colcon.colcon_core.shell:Creating package script '/home/d/Finale/pi-code/install/jkl/share/jkl/package.ps1'
[10.843s] INFO:colcon.colcon_core.shell:Creating package descriptor '/home/d/Finale/pi-code/install/jkl/share/jkl/package.dsv'
[10.847s] INFO:colcon.colcon_core.shell:Creating package script '/home/d/Finale/pi-code/install/jkl/share/jkl/package.sh'
[10.850s] INFO:colcon.colcon_core.shell:Creating package script '/home/d/Finale/pi-code/install/jkl/share/jkl/package.bash'
[10.853s] INFO:colcon.colcon_core.shell:Creating package script '/home/d/Finale/pi-code/install/jkl/share/jkl/package.zsh'
[10.857s] Level 1:colcon.colcon_core.environment:create_file_with_runtime_dependencies(/home/d/Finale/pi-code/install/jkl/share/colcon-core/packages/jkl)
[10.860s] INFO:colcon.colcon_ros.task.ament_cmake.build:Building ROS package in '/home/d/Finale/pi-code/src/rplidar_ros' with build type 'ament_cmake'
[10.863s] INFO:colcon.colcon_cmake.task.cmake.build:Building CMake package in '/home/d/Finale/pi-code/src/rplidar_ros'
[10.867s] INFO:colcon.colcon_core.shell:Skip shell extension 'powershell' for command environment: Not usable outside of PowerShell
[10.868s] DEBUG:colcon.colcon_core.shell:Skip shell extension 'dsv' for command environment
[10.997s] DEBUG:colcon.colcon_core.event_handler.log_command:Invoking command in '/home/d/Finale/pi-code/build/rplidar_ros': CMAKE_PREFIX_PATH=${CMAKE_PREFIX_PATH}:/home/d/Finale/pi-code/install/joy_tester:/opt/ros/humble /usr/bin/cmake /home/d/Finale/pi-code/src/rplidar_ros -DAMENT_CMAKE_SYMLINK_INSTALL=1 -DCMAKE_INSTALL_PREFIX=/home/d/Finale/pi-code/install/rplidar_ros
[11.814s] DEBUG:colcon.colcon_core.event_handler.log_command:Invoking command in '/home/d/Finale/pi-code/build/joy_tester': PYTHONPATH=/home/d/Finale/pi-code/build/joy_tester/prefix_override:/usr/lib/python3/dist-packages/colcon_core/task/python/colcon_distutils_commands:/home/d/Finale/pi-code/install/joy_tester/lib/python3.10/site-packages:${PYTHONPATH} /usr/bin/python3 -W ignore:setup.py install is deprecated -W ignore:easy_install command is deprecated setup.py develop --editable --build-directory /home/d/Finale/pi-code/build/joy_tester/build --no-deps symlink_data
[12.386s] DEBUG:colcon.colcon_core.event_handler.log_command:Invoked command in '/home/d/Finale/pi-code/build/serial' returned '0': CMAKE_PREFIX_PATH=${CMAKE_PREFIX_PATH}:/home/d/Finale/pi-code/install/joy_tester:/opt/ros/humble /usr/bin/cmake --build /home/d/Finale/pi-code/build/serial -- -j4 -l4
[12.413s] DEBUG:colcon.colcon_core.event_handler.log_command:Invoking command in '/home/d/Finale/pi-code/build/serial': CMAKE_PREFIX_PATH=${CMAKE_PREFIX_PATH}:/home/d/Finale/pi-code/install/joy_tester:/opt/ros/humble /usr/bin/cmake --install /home/d/Finale/pi-code/build/serial
[14.296s] Level 1:colcon.colcon_core.environment:create_environment_scripts_only(serial)
[14.304s] Level 1:colcon.colcon_core.environment:checking '/home/d/Finale/pi-code/install/serial' for CMake module files
[14.307s] DEBUG:colcon.colcon_core.event_handler.log_command:Invoked command in '/home/d/Finale/pi-code/build/serial' returned '0': CMAKE_PREFIX_PATH=${CMAKE_PREFIX_PATH}:/home/d/Finale/pi-code/install/joy_tester:/opt/ros/humble /usr/bin/cmake --install /home/d/Finale/pi-code/build/serial
[14.322s] Level 1:colcon.colcon_core.environment:checking '/home/d/Finale/pi-code/install/serial' for CMake config files
[14.323s] Level 1:colcon.colcon_core.shell:create_environment_hook('serial', 'cmake_prefix_path')
[14.329s] INFO:colcon.colcon_core.shell:Creating environment hook '/home/d/Finale/pi-code/install/serial/share/serial/hook/cmake_prefix_path.ps1'
[14.341s] INFO:colcon.colcon_core.shell:Creating environment descriptor '/home/d/Finale/pi-code/install/serial/share/serial/hook/cmake_prefix_path.dsv'
[14.349s] INFO:colcon.colcon_core.shell:Creating environment hook '/home/d/Finale/pi-code/install/serial/share/serial/hook/cmake_prefix_path.sh'
[14.362s] Level 1:colcon.colcon_core.environment:checking '/home/d/Finale/pi-code/install/serial/lib'
[14.363s] Level 1:colcon.colcon_core.environment:checking '/home/d/Finale/pi-code/install/serial/bin'
[14.363s] Level 1:colcon.colcon_core.environment:checking '/home/d/Finale/pi-code/install/serial/lib/pkgconfig/serial.pc'
[14.372s] Level 1:colcon.colcon_core.environment:checking '/home/d/Finale/pi-code/install/serial/lib/python3.10/site-packages'
[14.380s] Level 1:colcon.colcon_core.environment:checking '/home/d/Finale/pi-code/install/serial/bin'
[14.384s] INFO:colcon.colcon_core.shell:Creating package script '/home/d/Finale/pi-code/install/serial/share/serial/package.ps1'
[14.400s] INFO:colcon.colcon_core.shell:Creating package descriptor '/home/d/Finale/pi-code/install/serial/share/serial/package.dsv'
[14.409s] INFO:colcon.colcon_core.shell:Creating package script '/home/d/Finale/pi-code/install/serial/share/serial/package.sh'
[14.417s] INFO:colcon.colcon_core.shell:Creating package script '/home/d/Finale/pi-code/install/serial/share/serial/package.bash'
[14.422s] INFO:colcon.colcon_core.shell:Creating package script '/home/d/Finale/pi-code/install/serial/share/serial/package.zsh'
[14.436s] Level 1:colcon.colcon_core.environment:create_file_with_runtime_dependencies(/home/d/Finale/pi-code/install/serial/share/colcon-core/packages/serial)
[14.448s] Level 1:colcon.colcon_core.environment:create_environment_scripts_only(serial)
[14.456s] Level 1:colcon.colcon_core.environment:checking '/home/d/Finale/pi-code/install/serial' for CMake module files
[14.466s] Level 1:colcon.colcon_core.environment:checking '/home/d/Finale/pi-code/install/serial' for CMake config files
[14.471s] Level 1:colcon.colcon_core.shell:create_environment_hook('serial', 'cmake_prefix_path')
[14.479s] INFO:colcon.colcon_core.shell:Creating environment hook '/home/d/Finale/pi-code/install/serial/share/serial/hook/cmake_prefix_path.ps1'
[14.485s] INFO:colcon.colcon_core.shell:Creating environment descriptor '/home/d/Finale/pi-code/install/serial/share/serial/hook/cmake_prefix_path.dsv'
[14.496s] INFO:colcon.colcon_core.shell:Creating environment hook '/home/d/Finale/pi-code/install/serial/share/serial/hook/cmake_prefix_path.sh'
[14.508s] Level 1:colcon.colcon_core.environment:checking '/home/d/Finale/pi-code/install/serial/lib'
[14.510s] Level 1:colcon.colcon_core.environment:checking '/home/d/Finale/pi-code/install/serial/bin'
[14.511s] Level 1:colcon.colcon_core.environment:checking '/home/d/Finale/pi-code/install/serial/lib/pkgconfig/serial.pc'
[14.513s] Level 1:colcon.colcon_core.environment:checking '/home/d/Finale/pi-code/install/serial/lib/python3.10/site-packages'
[14.524s] Level 1:colcon.colcon_core.environment:checking '/home/d/Finale/pi-code/install/serial/bin'
[14.529s] INFO:colcon.colcon_core.shell:Creating package script '/home/d/Finale/pi-code/install/serial/share/serial/package.ps1'
[14.543s] INFO:colcon.colcon_core.shell:Creating package descriptor '/home/d/Finale/pi-code/install/serial/share/serial/package.dsv'
[14.553s] INFO:colcon.colcon_core.shell:Creating package script '/home/d/Finale/pi-code/install/serial/share/serial/package.sh'
[14.563s] INFO:colcon.colcon_core.shell:Creating package script '/home/d/Finale/pi-code/install/serial/share/serial/package.bash'
[14.572s] INFO:colcon.colcon_core.shell:Creating package script '/home/d/Finale/pi-code/install/serial/share/serial/package.zsh'
[14.579s] Level 1:colcon.colcon_core.environment:create_file_with_runtime_dependencies(/home/d/Finale/pi-code/install/serial/share/colcon-core/packages/serial)
[14.584s] INFO:colcon.colcon_ros.task.ament_cmake.build:Building ROS package in '/home/d/Finale/pi-code/src/diffdrive_arduino' with build type 'ament_cmake'
[14.585s] INFO:colcon.colcon_cmake.task.cmake.build:Building CMake package in '/home/d/Finale/pi-code/src/diffdrive_arduino'
[14.593s] INFO:colcon.colcon_core.shell:Skip shell extension 'powershell' for command environment: Not usable outside of PowerShell
[14.594s] DEBUG:colcon.colcon_core.shell:Skip shell extension 'dsv' for command environment
[14.793s] DEBUG:colcon.colcon_core.event_handler.log_command:Invoking command in '/home/d/Finale/pi-code/build/diffdrive_arduino': CMAKE_PREFIX_PATH=/home/d/Finale/pi-code/install/serial:/home/d/Finale/pi-code/install/serial_motor_demo_msgs:/home/d/Finale/pi-code/install/jkl:/home/d/Finale/pi-code/install/joy_tester:/opt/ros/humble /usr/bin/cmake /home/d/Finale/pi-code/src/diffdrive_arduino -DAMENT_CMAKE_SYMLINK_INSTALL=1 -DCMAKE_INSTALL_PREFIX=/home/d/Finale/pi-code/install/diffdrive_arduino
[17.476s] DEBUG:colcon.colcon_core.event_handler.log_command:Invoked command in '/home/d/Finale/pi-code/build/serial_motor_demo_msgs' returned '0': CMAKE_PREFIX_PATH=${CMAKE_PREFIX_PATH}:/home/d/Finale/pi-code/install/joy_tester:/opt/ros/humble /usr/bin/cmake /home/d/Finale/pi-code/src/serial_motor_demo/serial_motor_demo_msgs -DAMENT_CMAKE_SYMLINK_INSTALL=1 -DCMAKE_INSTALL_PREFIX=/home/d/Finale/pi-code/install/serial_motor_demo_msgs
[17.488s] DEBUG:colcon.colcon_core.event_handler.log_command:Invoking command in '/home/d/Finale/pi-code/build/serial_motor_demo_msgs': CMAKE_PREFIX_PATH=${CMAKE_PREFIX_PATH}:/home/d/Finale/pi-code/install/joy_tester:/opt/ros/humble /usr/bin/cmake --build /home/d/Finale/pi-code/build/serial_motor_demo_msgs -- -j4 -l4
[24.743s] Level 1:colcon.colcon_core.shell:create_environment_hook('joy_tester', 'pythonpath_develop')
[24.751s] INFO:colcon.colcon_core.shell:Creating environment hook '/home/d/Finale/pi-code/build/joy_tester/share/joy_tester/hook/pythonpath_develop.ps1'
[24.745s] DEBUG:colcon.colcon_core.event_handler.log_command:Invoked command in '/home/d/Finale/pi-code/build/joy_tester' returned '0': PYTHONPATH=/home/d/Finale/pi-code/build/joy_tester/prefix_override:/usr/lib/python3/dist-packages/colcon_core/task/python/colcon_distutils_commands:/home/d/Finale/pi-code/install/joy_tester/lib/python3.10/site-packages:${PYTHONPATH} /usr/bin/python3 -W ignore:setup.py install is deprecated -W ignore:easy_install command is deprecated setup.py develop --editable --build-directory /home/d/Finale/pi-code/build/joy_tester/build --no-deps symlink_data
[24.764s] INFO:colcon.colcon_core.shell:Creating environment descriptor '/home/d/Finale/pi-code/build/joy_tester/share/joy_tester/hook/pythonpath_develop.dsv'
[24.773s] INFO:colcon.colcon_core.shell:Creating environment hook '/home/d/Finale/pi-code/build/joy_tester/share/joy_tester/hook/pythonpath_develop.sh'
[24.784s] Level 1:colcon.colcon_core.environment:checking '/home/d/Finale/pi-code/install/joy_tester' for CMake module files
[24.798s] Level 1:colcon.colcon_core.environment:checking '/home/d/Finale/pi-code/install/joy_tester' for CMake config files
[24.801s] Level 1:colcon.colcon_core.environment:checking '/home/d/Finale/pi-code/install/joy_tester/lib'
[24.801s] Level 1:colcon.colcon_core.environment:checking '/home/d/Finale/pi-code/install/joy_tester/bin'
[24.802s] Level 1:colcon.colcon_core.environment:checking '/home/d/Finale/pi-code/install/joy_tester/lib/pkgconfig/joy_tester.pc'
[24.813s] Level 1:colcon.colcon_core.environment:checking '/home/d/Finale/pi-code/install/joy_tester/lib/python3.10/site-packages'
[24.815s] Level 1:colcon.colcon_core.shell:create_environment_hook('joy_tester', 'pythonpath')
[24.825s] INFO:colcon.colcon_core.shell:Creating environment hook '/home/d/Finale/pi-code/install/joy_tester/share/joy_tester/hook/pythonpath.ps1'
[24.837s] INFO:colcon.colcon_core.shell:Creating environment descriptor '/home/d/Finale/pi-code/install/joy_tester/share/joy_tester/hook/pythonpath.dsv'
[24.839s] INFO:colcon.colcon_core.shell:Creating environment hook '/home/d/Finale/pi-code/install/joy_tester/share/joy_tester/hook/pythonpath.sh'
[24.851s] Level 1:colcon.colcon_core.environment:checking '/home/d/Finale/pi-code/install/joy_tester/bin'
[24.853s] Level 1:colcon.colcon_core.environment:create_environment_scripts_only(joy_tester)
[24.864s] INFO:colcon.colcon_core.shell:Creating package script '/home/d/Finale/pi-code/install/joy_tester/share/joy_tester/package.ps1'
[24.871s] INFO:colcon.colcon_core.shell:Creating package descriptor '/home/d/Finale/pi-code/install/joy_tester/share/joy_tester/package.dsv'
[24.883s] INFO:colcon.colcon_core.shell:Creating package script '/home/d/Finale/pi-code/install/joy_tester/share/joy_tester/package.sh'
[24.890s] INFO:colcon.colcon_core.shell:Creating package script '/home/d/Finale/pi-code/install/joy_tester/share/joy_tester/package.bash'
[24.902s] INFO:colcon.colcon_core.shell:Creating package script '/home/d/Finale/pi-code/install/joy_tester/share/joy_tester/package.zsh'
[24.904s] Level 1:colcon.colcon_core.environment:create_file_with_runtime_dependencies(/home/d/Finale/pi-code/install/joy_tester/share/colcon-core/packages/joy_tester)
[25.875s] DEBUG:colcon.colcon_core.event_handler.log_command:Invoked command in '/home/d/Finale/pi-code/build/rplidar_ros' returned '0': CMAKE_PREFIX_PATH=${CMAKE_PREFIX_PATH}:/home/d/Finale/pi-code/install/joy_tester:/opt/ros/humble /usr/bin/cmake /home/d/Finale/pi-code/src/rplidar_ros -DAMENT_CMAKE_SYMLINK_INSTALL=1 -DCMAKE_INSTALL_PREFIX=/home/d/Finale/pi-code/install/rplidar_ros
[25.890s] DEBUG:colcon.colcon_core.event_handler.log_command:Invoking command in '/home/d/Finale/pi-code/build/rplidar_ros': CMAKE_PREFIX_PATH=${CMAKE_PREFIX_PATH}:/home/d/Finale/pi-code/install/joy_tester:/opt/ros/humble /usr/bin/cmake --build /home/d/Finale/pi-code/build/rplidar_ros -- -j4 -l4
[32.387s] DEBUG:colcon.colcon_core.event_handler.log_command:Invoked command in '/home/d/Finale/pi-code/build/diffdrive_arduino' returned '0': CMAKE_PREFIX_PATH=/home/d/Finale/pi-code/install/serial:/home/d/Finale/pi-code/install/serial_motor_demo_msgs:/home/d/Finale/pi-code/install/jkl:/home/d/Finale/pi-code/install/joy_tester:/opt/ros/humble /usr/bin/cmake /home/d/Finale/pi-code/src/diffdrive_arduino -DAMENT_CMAKE_SYMLINK_INSTALL=1 -DCMAKE_INSTALL_PREFIX=/home/d/Finale/pi-code/install/diffdrive_arduino
[32.408s] DEBUG:colcon.colcon_core.event_handler.log_command:Invoking command in '/home/d/Finale/pi-code/build/diffdrive_arduino': CMAKE_PREFIX_PATH=/home/d/Finale/pi-code/install/serial:/home/d/Finale/pi-code/install/serial_motor_demo_msgs:/home/d/Finale/pi-code/install/jkl:/home/d/Finale/pi-code/install/joy_tester:/opt/ros/humble /usr/bin/cmake --build /home/d/Finale/pi-code/build/diffdrive_arduino -- -j4 -l4
[94.920s] DEBUG:colcon.colcon_core.event_handler.log_command:Invoked command in '/home/d/Finale/pi-code/build/serial_motor_demo_msgs' returned '0': CMAKE_PREFIX_PATH=${CMAKE_PREFIX_PATH}:/home/d/Finale/pi-code/install/joy_tester:/opt/ros/humble /usr/bin/cmake --build /home/d/Finale/pi-code/build/serial_motor_demo_msgs -- -j4 -l4
[94.935s] DEBUG:colcon.colcon_core.event_handler.log_command:Invoking command in '/home/d/Finale/pi-code/build/serial_motor_demo_msgs': CMAKE_PREFIX_PATH=${CMAKE_PREFIX_PATH}:/home/d/Finale/pi-code/install/joy_tester:/opt/ros/humble /usr/bin/cmake --install /home/d/Finale/pi-code/build/serial_motor_demo_msgs
[102.247s] Level 1:colcon.colcon_core.environment:create_environment_scripts_only(serial_motor_demo_msgs)
[102.250s] Level 1:colcon.colcon_core.environment:checking '/home/d/Finale/pi-code/install/serial_motor_demo_msgs' for CMake module files
[102.263s] DEBUG:colcon.colcon_core.event_handler.log_command:Invoked command in '/home/d/Finale/pi-code/build/serial_motor_demo_msgs' returned '0': CMAKE_PREFIX_PATH=${CMAKE_PREFIX_PATH}:/home/d/Finale/pi-code/install/joy_tester:/opt/ros/humble /usr/bin/cmake --install /home/d/Finale/pi-code/build/serial_motor_demo_msgs
[102.264s] Level 1:colcon.colcon_core.environment:checking '/home/d/Finale/pi-code/install/serial_motor_demo_msgs' for CMake config files
[102.266s] Level 1:colcon.colcon_core.shell:create_environment_hook('serial_motor_demo_msgs', 'cmake_prefix_path')
[102.272s] INFO:colcon.colcon_core.shell:Creating environment hook '/home/d/Finale/pi-code/install/serial_motor_demo_msgs/share/serial_motor_demo_msgs/hook/cmake_prefix_path.ps1'
[102.278s] INFO:colcon.colcon_core.shell:Creating environment descriptor '/home/d/Finale/pi-code/install/serial_motor_demo_msgs/share/serial_motor_demo_msgs/hook/cmake_prefix_path.dsv'
[102.280s] INFO:colcon.colcon_core.shell:Creating environment hook '/home/d/Finale/pi-code/install/serial_motor_demo_msgs/share/serial_motor_demo_msgs/hook/cmake_prefix_path.sh'
[102.286s] Level 1:colcon.colcon_core.environment:checking '/home/d/Finale/pi-code/install/serial_motor_demo_msgs/lib'
[102.286s] Level 1:colcon.colcon_core.shell:create_environment_hook('serial_motor_demo_msgs', 'ld_library_path_lib')
[102.288s] INFO:colcon.colcon_core.shell:Creating environment hook '/home/d/Finale/pi-code/install/serial_motor_demo_msgs/share/serial_motor_demo_msgs/hook/ld_library_path_lib.ps1'
[102.294s] INFO:colcon.colcon_core.shell:Creating environment descriptor '/home/d/Finale/pi-code/install/serial_motor_demo_msgs/share/serial_motor_demo_msgs/hook/ld_library_path_lib.dsv'
[102.296s] INFO:colcon.colcon_core.shell:Creating environment hook '/home/d/Finale/pi-code/install/serial_motor_demo_msgs/share/serial_motor_demo_msgs/hook/ld_library_path_lib.sh'
[102.301s] Level 1:colcon.colcon_core.environment:checking '/home/d/Finale/pi-code/install/serial_motor_demo_msgs/bin'
[102.302s] Level 1:colcon.colcon_core.environment:checking '/home/d/Finale/pi-code/install/serial_motor_demo_msgs/lib/pkgconfig/serial_motor_demo_msgs.pc'
[102.303s] Level 1:colcon.colcon_core.environment:checking '/home/d/Finale/pi-code/install/serial_motor_demo_msgs/lib/python3.10/site-packages'
[102.308s] Level 1:colcon.colcon_core.environment:checking '/home/d/Finale/pi-code/install/serial_motor_demo_msgs/bin'
[102.310s] INFO:colcon.colcon_core.shell:Creating package script '/home/d/Finale/pi-code/install/serial_motor_demo_msgs/share/serial_motor_demo_msgs/package.ps1'
[102.314s] INFO:colcon.colcon_core.shell:Creating package descriptor '/home/d/Finale/pi-code/install/serial_motor_demo_msgs/share/serial_motor_demo_msgs/package.dsv'
[102.322s] INFO:colcon.colcon_core.shell:Creating package script '/home/d/Finale/pi-code/install/serial_motor_demo_msgs/share/serial_motor_demo_msgs/package.sh'
[102.327s] INFO:colcon.colcon_core.shell:Creating package script '/home/d/Finale/pi-code/install/serial_motor_demo_msgs/share/serial_motor_demo_msgs/package.bash'
[102.329s] INFO:colcon.colcon_core.shell:Creating package script '/home/d/Finale/pi-code/install/serial_motor_demo_msgs/share/serial_motor_demo_msgs/package.zsh'
[102.339s] Level 1:colcon.colcon_core.environment:create_file_with_runtime_dependencies(/home/d/Finale/pi-code/install/serial_motor_demo_msgs/share/colcon-core/packages/serial_motor_demo_msgs)
[102.346s] Level 1:colcon.colcon_core.environment:create_environment_scripts_only(serial_motor_demo_msgs)
[102.352s] Level 1:colcon.colcon_core.environment:checking '/home/d/Finale/pi-code/install/serial_motor_demo_msgs' for CMake module files
[102.359s] Level 1:colcon.colcon_core.environment:checking '/home/d/Finale/pi-code/install/serial_motor_demo_msgs' for CMake config files
[102.366s] Level 1:colcon.colcon_core.shell:create_environment_hook('serial_motor_demo_msgs', 'cmake_prefix_path')
[102.372s] INFO:colcon.colcon_core.shell:Creating environment hook '/home/d/Finale/pi-code/install/serial_motor_demo_msgs/share/serial_motor_demo_msgs/hook/cmake_prefix_path.ps1'
[102.380s] INFO:colcon.colcon_core.shell:Creating environment descriptor '/home/d/Finale/pi-code/install/serial_motor_demo_msgs/share/serial_motor_demo_msgs/hook/cmake_prefix_path.dsv'
[102.383s] INFO:colcon.colcon_core.shell:Creating environment hook '/home/d/Finale/pi-code/install/serial_motor_demo_msgs/share/serial_motor_demo_msgs/hook/cmake_prefix_path.sh'
[102.392s] Level 1:colcon.colcon_core.environment:checking '/home/d/Finale/pi-code/install/serial_motor_demo_msgs/lib'
[102.393s] Level 1:colcon.colcon_core.shell:create_environment_hook('serial_motor_demo_msgs', 'ld_library_path_lib')
[102.398s] INFO:colcon.colcon_core.shell:Creating environment hook '/home/d/Finale/pi-code/install/serial_motor_demo_msgs/share/serial_motor_demo_msgs/hook/ld_library_path_lib.ps1'
[102.404s] INFO:colcon.colcon_core.shell:Creating environment descriptor '/home/d/Finale/pi-code/install/serial_motor_demo_msgs/share/serial_motor_demo_msgs/hook/ld_library_path_lib.dsv'
[102.409s] INFO:colcon.colcon_core.shell:Creating environment hook '/home/d/Finale/pi-code/install/serial_motor_demo_msgs/share/serial_motor_demo_msgs/hook/ld_library_path_lib.sh'
[102.414s] Level 1:colcon.colcon_core.environment:checking '/home/d/Finale/pi-code/install/serial_motor_demo_msgs/bin'
[102.415s] Level 1:colcon.colcon_core.environment:checking '/home/d/Finale/pi-code/install/serial_motor_demo_msgs/lib/pkgconfig/serial_motor_demo_msgs.pc'
[102.419s] Level 1:colcon.colcon_core.environment:checking '/home/d/Finale/pi-code/install/serial_motor_demo_msgs/lib/python3.10/site-packages'
[102.423s] Level 1:colcon.colcon_core.environment:checking '/home/d/Finale/pi-code/install/serial_motor_demo_msgs/bin'
[102.430s] INFO:colcon.colcon_core.shell:Creating package script '/home/d/Finale/pi-code/install/serial_motor_demo_msgs/share/serial_motor_demo_msgs/package.ps1'
[102.440s] INFO:colcon.colcon_core.shell:Creating package descriptor '/home/d/Finale/pi-code/install/serial_motor_demo_msgs/share/serial_motor_demo_msgs/package.dsv'
[102.449s] INFO:colcon.colcon_core.shell:Creating package script '/home/d/Finale/pi-code/install/serial_motor_demo_msgs/share/serial_motor_demo_msgs/package.sh'
[102.459s] INFO:colcon.colcon_core.shell:Creating package script '/home/d/Finale/pi-code/install/serial_motor_demo_msgs/share/serial_motor_demo_msgs/package.bash'
[102.465s] INFO:colcon.colcon_core.shell:Creating package script '/home/d/Finale/pi-code/install/serial_motor_demo_msgs/share/serial_motor_demo_msgs/package.zsh'
[102.470s] Level 1:colcon.colcon_core.environment:create_file_with_runtime_dependencies(/home/d/Finale/pi-code/install/serial_motor_demo_msgs/share/colcon-core/packages/serial_motor_demo_msgs)
[102.477s] INFO:colcon.colcon_ros.task.ament_python.build:Building ROS package in '/home/d/Finale/pi-code/src/serial_motor_demo/serial_motor_demo' with build type 'ament_python'
[102.477s] Level 1:colcon.colcon_core.shell:create_environment_hook('serial_motor_demo', 'ament_prefix_path')
[102.483s] INFO:colcon.colcon_core.shell:Creating environment hook '/home/d/Finale/pi-code/install/serial_motor_demo/share/serial_motor_demo/hook/ament_prefix_path.ps1'
[102.492s] INFO:colcon.colcon_core.shell:Creating environment descriptor '/home/d/Finale/pi-code/install/serial_motor_demo/share/serial_motor_demo/hook/ament_prefix_path.dsv'
[102.495s] INFO:colcon.colcon_core.shell:Creating environment hook '/home/d/Finale/pi-code/install/serial_motor_demo/share/serial_motor_demo/hook/ament_prefix_path.sh'
[102.500s] INFO:colcon.colcon_core.shell:Skip shell extension 'powershell' for command environment: Not usable outside of PowerShell
[102.501s] DEBUG:colcon.colcon_core.shell:Skip shell extension 'dsv' for command environment
[106.257s] INFO:colcon.colcon_core.task.python.build:Building Python package in '/home/d/Finale/pi-code/src/serial_motor_demo/serial_motor_demo'
[106.259s] INFO:colcon.colcon_core.shell:Skip shell extension 'powershell' for command environment: Not usable outside of PowerShell
[106.259s] DEBUG:colcon.colcon_core.shell:Skip shell extension 'dsv' for command environment
[109.192s] Level 1:colcon.colcon_core.environment:create_environment_scripts_only(diffdrive_arduino)
[109.198s] Level 1:colcon.colcon_core.environment:checking '/home/d/Finale/pi-code/install/diffdrive_arduino' for CMake module files
[109.197s] DEBUG:colcon.colcon_core.event_handler.log_command:Invoked command in '/home/d/Finale/pi-code/build/diffdrive_arduino' returned '2': CMAKE_PREFIX_PATH=/home/d/Finale/pi-code/install/serial:/home/d/Finale/pi-code/install/serial_motor_demo_msgs:/home/d/Finale/pi-code/install/jkl:/home/d/Finale/pi-code/install/joy_tester:/opt/ros/humble /usr/bin/cmake --build /home/d/Finale/pi-code/build/diffdrive_arduino -- -j4 -l4
[109.203s] Level 1:colcon.colcon_core.environment:checking '/home/d/Finale/pi-code/install/diffdrive_arduino' for CMake config files
[109.205s] Level 1:colcon.colcon_core.environment:checking '/home/d/Finale/pi-code/install/diffdrive_arduino/bin'
[109.206s] Level 1:colcon.colcon_core.environment:checking '/home/d/Finale/pi-code/install/diffdrive_arduino/lib/pkgconfig/diffdrive_arduino.pc'
[109.208s] Level 1:colcon.colcon_core.environment:checking '/home/d/Finale/pi-code/install/diffdrive_arduino/lib/python3.10/site-packages'
[109.210s] Level 1:colcon.colcon_core.environment:checking '/home/d/Finale/pi-code/install/diffdrive_arduino/bin'
[109.212s] INFO:colcon.colcon_core.shell:Creating package script '/home/d/Finale/pi-code/install/diffdrive_arduino/share/diffdrive_arduino/package.ps1'
[109.219s] INFO:colcon.colcon_core.shell:Creating package descriptor '/home/d/Finale/pi-code/install/diffdrive_arduino/share/diffdrive_arduino/package.dsv'
[109.223s] INFO:colcon.colcon_core.shell:Creating package script '/home/d/Finale/pi-code/install/diffdrive_arduino/share/diffdrive_arduino/package.sh'
[109.229s] INFO:colcon.colcon_core.shell:Creating package script '/home/d/Finale/pi-code/install/diffdrive_arduino/share/diffdrive_arduino/package.bash'
[109.234s] INFO:colcon.colcon_core.shell:Creating package script '/home/d/Finale/pi-code/install/diffdrive_arduino/share/diffdrive_arduino/package.zsh'
[109.240s] Level 1:colcon.colcon_core.environment:create_file_with_runtime_dependencies(/home/d/Finale/pi-code/install/diffdrive_arduino/share/colcon-core/packages/diffdrive_arduino)
[132.639s] DEBUG:colcon.colcon_parallel_executor.executor.parallel:closing loop
[132.639s] DEBUG:colcon.colcon_parallel_executor.executor.parallel:loop closed
[132.640s] DEBUG:colcon.colcon_parallel_executor.executor.parallel:run_until_complete finished with '2'
[132.640s] DEBUG:colcon.colcon_core.event_reactor:joining thread
[132.671s] INFO:colcon.colcon_core.plugin_system:Skipping extension 'colcon_notification.desktop_notification.terminal_notifier': Not used on non-Darwin systems
[132.673s] INFO:colcon.colcon_core.plugin_system:Skipping extension 'colcon_notification.desktop_notification.win32': Not used on non-Windows systems
[132.674s] INFO:colcon.colcon_notification.desktop_notification:Sending desktop notification using 'notify2'
[132.737s] DEBUG:colcon.colcon_core.event_reactor:joined thread
[132.739s] INFO:colcon.colcon_core.shell:Creating prefix script '/home/d/Finale/pi-code/install/local_setup.ps1'
[132.745s] INFO:colcon.colcon_core.shell:Creating prefix util module '/home/d/Finale/pi-code/install/_local_setup_util_ps1.py'
[132.759s] INFO:colcon.colcon_core.shell:Creating prefix chain script '/home/d/Finale/pi-code/install/setup.ps1'
[132.768s] INFO:colcon.colcon_core.shell:Creating prefix script '/home/d/Finale/pi-code/install/local_setup.sh'
[132.771s] INFO:colcon.colcon_core.shell:Creating prefix util module '/home/d/Finale/pi-code/install/_local_setup_util_sh.py'
[132.775s] INFO:colcon.colcon_core.shell:Creating prefix chain script '/home/d/Finale/pi-code/install/setup.sh'
[132.783s] INFO:colcon.colcon_core.shell:Creating prefix script '/home/d/Finale/pi-code/install/local_setup.bash'
[132.785s] INFO:colcon.colcon_core.shell:Creating prefix chain script '/home/d/Finale/pi-code/install/setup.bash'
[132.794s] INFO:colcon.colcon_core.shell:Creating prefix script '/home/d/Finale/pi-code/install/local_setup.zsh'
[132.798s] INFO:colcon.colcon_core.shell:Creating prefix chain script '/home/d/Finale/pi-code/install/setup.zsh'
