[0.081s] Invoking command in '/home/d/Finale/pi-code/build/serial_motor_demo_msgs': CMAKE_PREFIX_PATH=${CMAKE_PREFIX_PATH}:/home/d/Finale/pi-code/install/joy_tester:/opt/ros/humble /usr/bin/cmake /home/d/Finale/pi-code/src/serial_motor_demo/serial_motor_demo_msgs -DAMENT_CMAKE_SYMLINK_INSTALL=1 -DCMAKE_INSTALL_PREFIX=/home/d/Finale/pi-code/install/serial_motor_demo_msgs
[0.394s] -- The CXX compiler identification is GNU 11.4.0
[0.448s] -- Detecting CXX compiler ABI info
[0.903s] -- Detecting CXX compiler ABI info - done
[1.054s] -- Check for working CXX compiler: /usr/bin/gcc-11 - skipped
[1.055s] -- Detecting CXX compile features
[1.058s] -- Detecting CXX compile features - done
[1.091s] -- Found ament_cmake: 1.3.12 (/opt/ros/humble/share/ament_cmake/cmake)
[2.190s] -- Found Python3: /usr/bin/python3 (found version "3.10.12") found components: Interpreter 
[2.678s] -- Override CMake install command with custom implementation using symlinks instead of copying resources
[2.945s] -- Found ament_lint_auto: 0.12.14 (/opt/ros/humble/share/ament_lint_auto/cmake)
[3.522s] -- Found rosidl_default_generators: 1.2.0 (/opt/ros/humble/share/rosidl_default_generators/cmake)
[3.545s] -- Using all available rosidl_typesupport_c: rosidl_typesupport_fastrtps_c;rosidl_typesupport_introspection_c
[3.607s] -- Found rosidl_adapter: 3.1.7 (/opt/ros/humble/share/rosidl_adapter/cmake)
[3.952s] -- Using all available rosidl_typesupport_cpp: rosidl_typesupport_fastrtps_cpp;rosidl_typesupport_introspection_cpp
[6.832s] -- Found ament_cmake_ros: 0.10.0 (/opt/ros/humble/share/ament_cmake_ros/cmake)
[9.354s] -- Using all available rosidl_typesupport_c: rosidl_typesupport_fastrtps_c;rosidl_typesupport_introspection_c
[12.344s] -- Using all available rosidl_typesupport_cpp: rosidl_typesupport_fastrtps_cpp;rosidl_typesupport_introspection_cpp
[12.852s] -- Found PythonInterp: /usr/bin/python3 (found suitable version "3.10.12", minimum required is "3.6") 
[12.903s] -- Found python_cmake_module: 0.10.0 (/opt/ros/humble/share/python_cmake_module/cmake)
[13.600s] -- Found PythonLibs: /usr/lib/x86_64-linux-gnu/libpython3.10.so (found suitable version "3.10.12", minimum required is "3.5") 
[13.601s] -- Using PYTHON_EXECUTABLE: /usr/bin/python3
[13.601s] -- Using PYTHON_INCLUDE_DIRS: /usr/include/python3.10
[13.602s] -- Using PYTHON_LIBRARIES: /usr/lib/x86_64-linux-gnu/libpython3.10.so
[14.227s] -- Found PythonExtra: .so  
[14.945s] -- Added test 'copyright' to check source files copyright and LICENSE
[14.976s] -- Added test 'lint_cmake' to check CMake code style
[14.990s] -- Added test 'xmllint' to check XML markup files
[15.048s] -- Configuring done
[15.630s] -- Generating done
[15.912s] -- Build files have been written to: /home/d/Finale/pi-code/build/serial_motor_demo_msgs
[16.043s] Invoked command in '/home/d/Finale/pi-code/build/serial_motor_demo_msgs' returned '0': CMAKE_PREFIX_PATH=${CMAKE_PREFIX_PATH}:/home/d/Finale/pi-code/install/joy_tester:/opt/ros/humble /usr/bin/cmake /home/d/Finale/pi-code/src/serial_motor_demo/serial_motor_demo_msgs -DAMENT_CMAKE_SYMLINK_INSTALL=1 -DCMAKE_INSTALL_PREFIX=/home/d/Finale/pi-code/install/serial_motor_demo_msgs
[16.055s] Invoking command in '/home/d/Finale/pi-code/build/serial_motor_demo_msgs': CMAKE_PREFIX_PATH=${CMAKE_PREFIX_PATH}:/home/d/Finale/pi-code/install/joy_tester:/opt/ros/humble /usr/bin/cmake --build /home/d/Finale/pi-code/build/serial_motor_demo_msgs -- -j4 -l4
[16.690s] [  2%] [34m[1mGenerating C code for ROS interfaces[0m
[16.922s] [  4%] [34m[1mGenerating C++ code for ROS interfaces[0m
[17.011s] [  4%] Built target ament_cmake_python_symlink_serial_motor_demo_msgs
[22.374s] [  6%] [32mBuilding C object CMakeFiles/serial_motor_demo_msgs__rosidl_generator_c.dir/rosidl_generator_c/serial_motor_demo_msgs/msg/detail/motor_command__functions.c.o[0m
[23.132s] [  8%] [32mBuilding C object CMakeFiles/serial_motor_demo_msgs__rosidl_generator_c.dir/rosidl_generator_c/serial_motor_demo_msgs/msg/detail/motor_vels__functions.c.o[0m
[23.888s] [ 10%] [32mBuilding C object CMakeFiles/serial_motor_demo_msgs__rosidl_generator_c.dir/rosidl_generator_c/serial_motor_demo_msgs/msg/detail/encoder_vals__functions.c.o[0m
[24.678s] [ 12%] [32m[1mLinking C shared library libserial_motor_demo_msgs__rosidl_generator_c.so[0m
[25.139s] [ 12%] Built target serial_motor_demo_msgs__cpp
[25.236s] [ 12%] Built target serial_motor_demo_msgs__rosidl_generator_c
[25.716s] running egg_info
[25.728s] creating serial_motor_demo_msgs.egg-info
[25.739s] writing serial_motor_demo_msgs.egg-info/PKG-INFO
[25.740s] writing dependency_links to serial_motor_demo_msgs.egg-info/dependency_links.txt
[25.756s] writing top-level names to serial_motor_demo_msgs.egg-info/top_level.txt
[25.756s] writing manifest file 'serial_motor_demo_msgs.egg-info/SOURCES.txt'
[25.805s] reading manifest file 'serial_motor_demo_msgs.egg-info/SOURCES.txt'
[25.813s] writing manifest file 'serial_motor_demo_msgs.egg-info/SOURCES.txt'
[26.171s] [ 12%] Built target ament_cmake_python_build_serial_motor_demo_msgs_egg
[26.320s] [ 14%] [34m[1mGenerating C++ introspection for ROS interfaces[0m
[29.255s] [ 17%] [32mBuilding CXX object CMakeFiles/serial_motor_demo_msgs__rosidl_typesupport_introspection_cpp.dir/rosidl_typesupport_introspection_cpp/serial_motor_demo_msgs/msg/detail/motor_command__type_support.cpp.o[0m
[34.344s] [ 19%] [32mBuilding CXX object CMakeFiles/serial_motor_demo_msgs__rosidl_typesupport_introspection_cpp.dir/rosidl_typesupport_introspection_cpp/serial_motor_demo_msgs/msg/detail/motor_vels__type_support.cpp.o[0m
[39.198s] [ 21%] [32mBuilding CXX object CMakeFiles/serial_motor_demo_msgs__rosidl_typesupport_introspection_cpp.dir/rosidl_typesupport_introspection_cpp/serial_motor_demo_msgs/msg/detail/encoder_vals__type_support.cpp.o[0m
[41.550s] [ 23%] [32m[1mLinking CXX shared library libserial_motor_demo_msgs__rosidl_typesupport_introspection_cpp.so[0m
[41.736s] [ 23%] Built target serial_motor_demo_msgs__rosidl_typesupport_introspection_cpp
[41.819s] [ 25%] [34m[1mGenerating C type support for eProsima Fast-RTPS[0m
[45.620s] [ 27%] [32mBuilding CXX object CMakeFiles/serial_motor_demo_msgs__rosidl_typesupport_fastrtps_c.dir/rosidl_typesupport_fastrtps_c/serial_motor_demo_msgs/msg/detail/motor_command__type_support_c.cpp.o[0m
[48.179s] [ 29%] [32mBuilding CXX object CMakeFiles/serial_motor_demo_msgs__rosidl_typesupport_fastrtps_c.dir/rosidl_typesupport_fastrtps_c/serial_motor_demo_msgs/msg/detail/motor_vels__type_support_c.cpp.o[0m
[50.493s] [ 31%] [32mBuilding CXX object CMakeFiles/serial_motor_demo_msgs__rosidl_typesupport_fastrtps_c.dir/rosidl_typesupport_fastrtps_c/serial_motor_demo_msgs/msg/detail/encoder_vals__type_support_c.cpp.o[0m
[52.882s] [ 34%] [32m[1mLinking CXX shared library libserial_motor_demo_msgs__rosidl_typesupport_fastrtps_c.so[0m
[53.119s] [ 34%] Built target serial_motor_demo_msgs__rosidl_typesupport_fastrtps_c
[53.171s] [ 36%] [34m[1mGenerating C introspection for ROS interfaces[0m
[55.953s] [ 38%] [32mBuilding C object CMakeFiles/serial_motor_demo_msgs__rosidl_typesupport_introspection_c.dir/rosidl_typesupport_introspection_c/serial_motor_demo_msgs/msg/detail/motor_command__type_support.c.o[0m
[56.159s] [ 40%] [32mBuilding C object CMakeFiles/serial_motor_demo_msgs__rosidl_typesupport_introspection_c.dir/rosidl_typesupport_introspection_c/serial_motor_demo_msgs/msg/detail/motor_vels__type_support.c.o[0m
[56.356s] [ 42%] [32mBuilding C object CMakeFiles/serial_motor_demo_msgs__rosidl_typesupport_introspection_c.dir/rosidl_typesupport_introspection_c/serial_motor_demo_msgs/msg/detail/encoder_vals__type_support.c.o[0m
[56.554s] [ 44%] [32m[1mLinking C shared library libserial_motor_demo_msgs__rosidl_typesupport_introspection_c.so[0m
[57.019s] [ 44%] Built target serial_motor_demo_msgs__rosidl_typesupport_introspection_c
[57.078s] [ 46%] [34m[1mGenerating C type support dispatch for ROS interfaces[0m
[59.783s] [ 48%] [32mBuilding CXX object CMakeFiles/serial_motor_demo_msgs__rosidl_typesupport_c.dir/rosidl_typesupport_c/serial_motor_demo_msgs/msg/motor_command__type_support.cpp.o[0m
[60.001s] [ 51%] [32mBuilding CXX object CMakeFiles/serial_motor_demo_msgs__rosidl_typesupport_c.dir/rosidl_typesupport_c/serial_motor_demo_msgs/msg/motor_vels__type_support.cpp.o[0m
[60.197s] [ 53%] [32mBuilding CXX object CMakeFiles/serial_motor_demo_msgs__rosidl_typesupport_c.dir/rosidl_typesupport_c/serial_motor_demo_msgs/msg/encoder_vals__type_support.cpp.o[0m
[60.417s] [ 55%] [32m[1mLinking CXX shared library libserial_motor_demo_msgs__rosidl_typesupport_c.so[0m
[60.672s] [ 55%] Built target serial_motor_demo_msgs__rosidl_typesupport_c
[60.753s] [ 57%] [34m[1mGenerating C++ type support for eProsima Fast-RTPS[0m
[63.892s] [ 59%] [32mBuilding CXX object CMakeFiles/serial_motor_demo_msgs__rosidl_typesupport_fastrtps_cpp.dir/rosidl_typesupport_fastrtps_cpp/serial_motor_demo_msgs/msg/detail/dds_fastrtps/motor_command__type_support.cpp.o[0m
[66.878s] [ 61%] [32mBuilding CXX object CMakeFiles/serial_motor_demo_msgs__rosidl_typesupport_fastrtps_cpp.dir/rosidl_typesupport_fastrtps_cpp/serial_motor_demo_msgs/msg/detail/dds_fastrtps/encoder_vals__type_support.cpp.o[0m
[69.828s] [ 63%] [32mBuilding CXX object CMakeFiles/serial_motor_demo_msgs__rosidl_typesupport_fastrtps_cpp.dir/rosidl_typesupport_fastrtps_cpp/serial_motor_demo_msgs/msg/detail/dds_fastrtps/motor_vels__type_support.cpp.o[0m
[73.265s] [ 65%] [32m[1mLinking CXX shared library libserial_motor_demo_msgs__rosidl_typesupport_fastrtps_cpp.so[0m
[73.519s] [ 65%] Built target serial_motor_demo_msgs__rosidl_typesupport_fastrtps_cpp
[73.576s] [ 68%] [34m[1mGenerating C++ type support dispatch for ROS interfaces[0m
[76.367s] [ 70%] [32mBuilding CXX object CMakeFiles/serial_motor_demo_msgs__rosidl_typesupport_cpp.dir/rosidl_typesupport_cpp/serial_motor_demo_msgs/msg/motor_command__type_support.cpp.o[0m
[78.025s] [ 72%] [32mBuilding CXX object CMakeFiles/serial_motor_demo_msgs__rosidl_typesupport_cpp.dir/rosidl_typesupport_cpp/serial_motor_demo_msgs/msg/encoder_vals__type_support.cpp.o[0m
[80.233s] [ 74%] [32mBuilding CXX object CMakeFiles/serial_motor_demo_msgs__rosidl_typesupport_cpp.dir/rosidl_typesupport_cpp/serial_motor_demo_msgs/msg/motor_vels__type_support.cpp.o[0m
[81.996s] [ 76%] [32m[1mLinking CXX shared library libserial_motor_demo_msgs__rosidl_typesupport_cpp.so[0m
[82.256s] [ 76%] Built target serial_motor_demo_msgs__rosidl_typesupport_cpp
[82.376s] [ 76%] Built target serial_motor_demo_msgs
[82.490s] [ 78%] [34m[1mGenerating Python code for ROS interfaces[0m
[87.529s] [ 78%] Built target serial_motor_demo_msgs__py
[87.661s] [ 80%] [32mBuilding C object CMakeFiles/serial_motor_demo_msgs__rosidl_generator_py.dir/rosidl_generator_py/serial_motor_demo_msgs/msg/_motor_command_s.c.o[0m
[88.368s] [ 82%] [32mBuilding C object CMakeFiles/serial_motor_demo_msgs__rosidl_generator_py.dir/rosidl_generator_py/serial_motor_demo_msgs/msg/_encoder_vals_s.c.o[0m
[89.042s] [ 85%] [32mBuilding C object CMakeFiles/serial_motor_demo_msgs__rosidl_generator_py.dir/rosidl_generator_py/serial_motor_demo_msgs/msg/_motor_vels_s.c.o[0m
[89.786s] [ 87%] [32m[1mLinking C shared library rosidl_generator_py/serial_motor_demo_msgs/libserial_motor_demo_msgs__rosidl_generator_py.so[0m
[90.095s] [ 87%] Built target serial_motor_demo_msgs__rosidl_generator_py
[90.237s] [ 89%] [32mBuilding C object CMakeFiles/serial_motor_demo_msgs__rosidl_typesupport_fastrtps_c__pyext.dir/rosidl_generator_py/serial_motor_demo_msgs/_serial_motor_demo_msgs_s.ep.rosidl_typesupport_fastrtps_c.c.o[0m
[91.064s] [ 91%] [32m[1mLinking C shared library rosidl_generator_py/serial_motor_demo_msgs/serial_motor_demo_msgs_s__rosidl_typesupport_fastrtps_c.cpython-310-x86_64-linux-gnu.so[0m
[91.310s] [ 91%] Built target serial_motor_demo_msgs__rosidl_typesupport_fastrtps_c__pyext
[91.452s] [ 93%] [32mBuilding C object CMakeFiles/serial_motor_demo_msgs__rosidl_typesupport_c__pyext.dir/rosidl_generator_py/serial_motor_demo_msgs/_serial_motor_demo_msgs_s.ep.rosidl_typesupport_c.c.o[0m
[92.149s] [ 95%] [32m[1mLinking C shared library rosidl_generator_py/serial_motor_demo_msgs/serial_motor_demo_msgs_s__rosidl_typesupport_c.cpython-310-x86_64-linux-gnu.so[0m
[92.362s] [ 95%] Built target serial_motor_demo_msgs__rosidl_typesupport_c__pyext
[92.474s] [ 97%] [32mBuilding C object CMakeFiles/serial_motor_demo_msgs__rosidl_typesupport_introspection_c__pyext.dir/rosidl_generator_py/serial_motor_demo_msgs/_serial_motor_demo_msgs_s.ep.rosidl_typesupport_introspection_c.c.o[0m
[93.160s] [100%] [32m[1mLinking C shared library rosidl_generator_py/serial_motor_demo_msgs/serial_motor_demo_msgs_s__rosidl_typesupport_introspection_c.cpython-310-x86_64-linux-gnu.so[0m
[93.395s] [100%] Built target serial_motor_demo_msgs__rosidl_typesupport_introspection_c__pyext
[93.487s] Invoked command in '/home/d/Finale/pi-code/build/serial_motor_demo_msgs' returned '0': CMAKE_PREFIX_PATH=${CMAKE_PREFIX_PATH}:/home/d/Finale/pi-code/install/joy_tester:/opt/ros/humble /usr/bin/cmake --build /home/d/Finale/pi-code/build/serial_motor_demo_msgs -- -j4 -l4
[93.500s] Invoking command in '/home/d/Finale/pi-code/build/serial_motor_demo_msgs': CMAKE_PREFIX_PATH=${CMAKE_PREFIX_PATH}:/home/d/Finale/pi-code/install/joy_tester:/opt/ros/humble /usr/bin/cmake --install /home/d/Finale/pi-code/build/serial_motor_demo_msgs
[93.546s] -- Install configuration: ""
[93.550s] -- Execute custom install script
[93.562s] -- Symlinking: /home/d/Finale/pi-code/install/serial_motor_demo_msgs/share/ament_index/resource_index/rosidl_interfaces/serial_motor_demo_msgs
[93.725s] -- Symlinking: /home/d/Finale/pi-code/install/serial_motor_demo_msgs/include/serial_motor_demo_msgs/serial_motor_demo_msgs/msg/detail/encoder_vals__functions.h
[93.867s] -- Symlinking: /home/d/Finale/pi-code/install/serial_motor_demo_msgs/include/serial_motor_demo_msgs/serial_motor_demo_msgs/msg/detail/encoder_vals__struct.h
[93.965s] -- Symlinking: /home/d/Finale/pi-code/install/serial_motor_demo_msgs/include/serial_motor_demo_msgs/serial_motor_demo_msgs/msg/detail/encoder_vals__type_support.h
[94.026s] -- Symlinking: /home/d/Finale/pi-code/install/serial_motor_demo_msgs/include/serial_motor_demo_msgs/serial_motor_demo_msgs/msg/detail/motor_command__functions.h
[94.083s] -- Symlinking: /home/d/Finale/pi-code/install/serial_motor_demo_msgs/include/serial_motor_demo_msgs/serial_motor_demo_msgs/msg/detail/motor_command__struct.h
[94.145s] -- Symlinking: /home/d/Finale/pi-code/install/serial_motor_demo_msgs/include/serial_motor_demo_msgs/serial_motor_demo_msgs/msg/detail/motor_command__type_support.h
[94.223s] -- Symlinking: /home/d/Finale/pi-code/install/serial_motor_demo_msgs/include/serial_motor_demo_msgs/serial_motor_demo_msgs/msg/detail/motor_vels__functions.h
[94.290s] -- Symlinking: /home/d/Finale/pi-code/install/serial_motor_demo_msgs/include/serial_motor_demo_msgs/serial_motor_demo_msgs/msg/detail/motor_vels__struct.h
[94.361s] -- Symlinking: /home/d/Finale/pi-code/install/serial_motor_demo_msgs/include/serial_motor_demo_msgs/serial_motor_demo_msgs/msg/detail/motor_vels__type_support.h
[94.446s] -- Symlinking: /home/d/Finale/pi-code/install/serial_motor_demo_msgs/include/serial_motor_demo_msgs/serial_motor_demo_msgs/msg/encoder_vals.h
[94.515s] -- Symlinking: /home/d/Finale/pi-code/install/serial_motor_demo_msgs/include/serial_motor_demo_msgs/serial_motor_demo_msgs/msg/motor_command.h
[94.592s] -- Symlinking: /home/d/Finale/pi-code/install/serial_motor_demo_msgs/include/serial_motor_demo_msgs/serial_motor_demo_msgs/msg/motor_vels.h
[94.657s] -- Symlinking: /home/d/Finale/pi-code/install/serial_motor_demo_msgs/include/serial_motor_demo_msgs/serial_motor_demo_msgs/msg/rosidl_generator_c__visibility_control.h
[94.712s] -- Symlinking: /home/d/Finale/pi-code/install/serial_motor_demo_msgs/share/serial_motor_demo_msgs/environment/library_path.sh
[94.767s] -- Symlinking: /home/d/Finale/pi-code/install/serial_motor_demo_msgs/share/serial_motor_demo_msgs/environment/library_path.dsv
[94.831s] -- Symlinking: /home/d/Finale/pi-code/install/serial_motor_demo_msgs/include/serial_motor_demo_msgs/serial_motor_demo_msgs/msg/detail/encoder_vals__rosidl_typesupport_fastrtps_c.h
[94.885s] -- Symlinking: /home/d/Finale/pi-code/install/serial_motor_demo_msgs/include/serial_motor_demo_msgs/serial_motor_demo_msgs/msg/detail/motor_command__rosidl_typesupport_fastrtps_c.h
[94.948s] -- Symlinking: /home/d/Finale/pi-code/install/serial_motor_demo_msgs/include/serial_motor_demo_msgs/serial_motor_demo_msgs/msg/detail/motor_vels__rosidl_typesupport_fastrtps_c.h
[94.999s] -- Symlinking: /home/d/Finale/pi-code/install/serial_motor_demo_msgs/include/serial_motor_demo_msgs/serial_motor_demo_msgs/msg/rosidl_typesupport_fastrtps_c__visibility_control.h
[95.089s] -- Symlinking: /home/d/Finale/pi-code/install/serial_motor_demo_msgs/include/serial_motor_demo_msgs/serial_motor_demo_msgs/msg/detail/encoder_vals__rosidl_typesupport_introspection_c.h
[95.155s] -- Symlinking: /home/d/Finale/pi-code/install/serial_motor_demo_msgs/include/serial_motor_demo_msgs/serial_motor_demo_msgs/msg/detail/motor_command__rosidl_typesupport_introspection_c.h
[95.211s] -- Symlinking: /home/d/Finale/pi-code/install/serial_motor_demo_msgs/include/serial_motor_demo_msgs/serial_motor_demo_msgs/msg/detail/motor_vels__rosidl_typesupport_introspection_c.h
[95.293s] -- Symlinking: /home/d/Finale/pi-code/install/serial_motor_demo_msgs/include/serial_motor_demo_msgs/serial_motor_demo_msgs/msg/rosidl_typesupport_introspection_c__visibility_control.h
[95.361s] -- Symlinking: /home/d/Finale/pi-code/install/serial_motor_demo_msgs/include/serial_motor_demo_msgs/serial_motor_demo_msgs/msg/detail/encoder_vals__builder.hpp
[95.416s] -- Symlinking: /home/d/Finale/pi-code/install/serial_motor_demo_msgs/include/serial_motor_demo_msgs/serial_motor_demo_msgs/msg/detail/encoder_vals__struct.hpp
[95.478s] -- Symlinking: /home/d/Finale/pi-code/install/serial_motor_demo_msgs/include/serial_motor_demo_msgs/serial_motor_demo_msgs/msg/detail/encoder_vals__traits.hpp
[95.534s] -- Symlinking: /home/d/Finale/pi-code/install/serial_motor_demo_msgs/include/serial_motor_demo_msgs/serial_motor_demo_msgs/msg/detail/encoder_vals__type_support.hpp
[95.586s] -- Symlinking: /home/d/Finale/pi-code/install/serial_motor_demo_msgs/include/serial_motor_demo_msgs/serial_motor_demo_msgs/msg/detail/motor_command__builder.hpp
[95.642s] -- Symlinking: /home/d/Finale/pi-code/install/serial_motor_demo_msgs/include/serial_motor_demo_msgs/serial_motor_demo_msgs/msg/detail/motor_command__struct.hpp
[95.692s] -- Symlinking: /home/d/Finale/pi-code/install/serial_motor_demo_msgs/include/serial_motor_demo_msgs/serial_motor_demo_msgs/msg/detail/motor_command__traits.hpp
[95.743s] -- Symlinking: /home/d/Finale/pi-code/install/serial_motor_demo_msgs/include/serial_motor_demo_msgs/serial_motor_demo_msgs/msg/detail/motor_command__type_support.hpp
[95.793s] -- Symlinking: /home/d/Finale/pi-code/install/serial_motor_demo_msgs/include/serial_motor_demo_msgs/serial_motor_demo_msgs/msg/detail/motor_vels__builder.hpp
[95.843s] -- Symlinking: /home/d/Finale/pi-code/install/serial_motor_demo_msgs/include/serial_motor_demo_msgs/serial_motor_demo_msgs/msg/detail/motor_vels__struct.hpp
[95.894s] -- Symlinking: /home/d/Finale/pi-code/install/serial_motor_demo_msgs/include/serial_motor_demo_msgs/serial_motor_demo_msgs/msg/detail/motor_vels__traits.hpp
[95.945s] -- Symlinking: /home/d/Finale/pi-code/install/serial_motor_demo_msgs/include/serial_motor_demo_msgs/serial_motor_demo_msgs/msg/detail/motor_vels__type_support.hpp
[95.998s] -- Symlinking: /home/d/Finale/pi-code/install/serial_motor_demo_msgs/include/serial_motor_demo_msgs/serial_motor_demo_msgs/msg/encoder_vals.hpp
[96.053s] -- Symlinking: /home/d/Finale/pi-code/install/serial_motor_demo_msgs/include/serial_motor_demo_msgs/serial_motor_demo_msgs/msg/motor_command.hpp
[96.109s] -- Symlinking: /home/d/Finale/pi-code/install/serial_motor_demo_msgs/include/serial_motor_demo_msgs/serial_motor_demo_msgs/msg/motor_vels.hpp
[96.170s] -- Symlinking: /home/d/Finale/pi-code/install/serial_motor_demo_msgs/include/serial_motor_demo_msgs/serial_motor_demo_msgs/msg/rosidl_generator_cpp__visibility_control.hpp
[96.232s] -- Symlinking: /home/d/Finale/pi-code/install/serial_motor_demo_msgs/include/serial_motor_demo_msgs/serial_motor_demo_msgs/msg/detail/encoder_vals__rosidl_typesupport_fastrtps_cpp.hpp
[96.294s] -- Symlinking: /home/d/Finale/pi-code/install/serial_motor_demo_msgs/include/serial_motor_demo_msgs/serial_motor_demo_msgs/msg/detail/motor_command__rosidl_typesupport_fastrtps_cpp.hpp
[96.353s] -- Symlinking: /home/d/Finale/pi-code/install/serial_motor_demo_msgs/include/serial_motor_demo_msgs/serial_motor_demo_msgs/msg/detail/motor_vels__rosidl_typesupport_fastrtps_cpp.hpp
[96.410s] -- Symlinking: /home/d/Finale/pi-code/install/serial_motor_demo_msgs/include/serial_motor_demo_msgs/serial_motor_demo_msgs/msg/rosidl_typesupport_fastrtps_cpp__visibility_control.h
[96.475s] -- Symlinking: /home/d/Finale/pi-code/install/serial_motor_demo_msgs/include/serial_motor_demo_msgs/serial_motor_demo_msgs/msg/detail/encoder_vals__rosidl_typesupport_introspection_cpp.hpp
[96.533s] -- Symlinking: /home/d/Finale/pi-code/install/serial_motor_demo_msgs/include/serial_motor_demo_msgs/serial_motor_demo_msgs/msg/detail/motor_command__rosidl_typesupport_introspection_cpp.hpp
[96.593s] -- Symlinking: /home/d/Finale/pi-code/install/serial_motor_demo_msgs/include/serial_motor_demo_msgs/serial_motor_demo_msgs/msg/detail/motor_vels__rosidl_typesupport_introspection_cpp.hpp
[96.655s] -- Symlinking: /home/d/Finale/pi-code/install/serial_motor_demo_msgs/share/serial_motor_demo_msgs/environment/pythonpath.sh
[96.719s] -- Symlinking: /home/d/Finale/pi-code/install/serial_motor_demo_msgs/share/serial_motor_demo_msgs/environment/pythonpath.dsv
[96.788s] -- Symlinking: /home/d/Finale/pi-code/install/serial_motor_demo_msgs/local/lib/python3.10/dist-packages/serial_motor_demo_msgs-0.0.0-py3.10.egg-info/PKG-INFO
[96.848s] -- Symlinking: /home/d/Finale/pi-code/install/serial_motor_demo_msgs/local/lib/python3.10/dist-packages/serial_motor_demo_msgs-0.0.0-py3.10.egg-info/SOURCES.txt
[96.911s] -- Symlinking: /home/d/Finale/pi-code/install/serial_motor_demo_msgs/local/lib/python3.10/dist-packages/serial_motor_demo_msgs-0.0.0-py3.10.egg-info/dependency_links.txt
[96.974s] -- Symlinking: /home/d/Finale/pi-code/install/serial_motor_demo_msgs/local/lib/python3.10/dist-packages/serial_motor_demo_msgs-0.0.0-py3.10.egg-info/top_level.txt
[97.060s] -- Symlinking: /home/d/Finale/pi-code/install/serial_motor_demo_msgs/local/lib/python3.10/dist-packages/serial_motor_demo_msgs/__init__.py
[97.099s] -- Symlinking: /home/d/Finale/pi-code/install/serial_motor_demo_msgs/local/lib/python3.10/dist-packages/serial_motor_demo_msgs/_serial_motor_demo_msgs_s.ep.rosidl_typesupport_c.c
[97.154s] -- Symlinking: /home/d/Finale/pi-code/install/serial_motor_demo_msgs/local/lib/python3.10/dist-packages/serial_motor_demo_msgs/_serial_motor_demo_msgs_s.ep.rosidl_typesupport_fastrtps_c.c
[97.244s] -- Symlinking: /home/d/Finale/pi-code/install/serial_motor_demo_msgs/local/lib/python3.10/dist-packages/serial_motor_demo_msgs/_serial_motor_demo_msgs_s.ep.rosidl_typesupport_introspection_c.c
[97.305s] -- Symlinking: /home/d/Finale/pi-code/install/serial_motor_demo_msgs/local/lib/python3.10/dist-packages/serial_motor_demo_msgs/libserial_motor_demo_msgs__rosidl_generator_py.so
[97.394s] -- Symlinking: /home/d/Finale/pi-code/install/serial_motor_demo_msgs/local/lib/python3.10/dist-packages/serial_motor_demo_msgs/msg/__init__.py
[97.490s] -- Symlinking: /home/d/Finale/pi-code/install/serial_motor_demo_msgs/local/lib/python3.10/dist-packages/serial_motor_demo_msgs/msg/_encoder_vals.py
[97.557s] -- Symlinking: /home/d/Finale/pi-code/install/serial_motor_demo_msgs/local/lib/python3.10/dist-packages/serial_motor_demo_msgs/msg/_encoder_vals_s.c
[97.621s] -- Symlinking: /home/d/Finale/pi-code/install/serial_motor_demo_msgs/local/lib/python3.10/dist-packages/serial_motor_demo_msgs/msg/_motor_command.py
[97.692s] -- Symlinking: /home/d/Finale/pi-code/install/serial_motor_demo_msgs/local/lib/python3.10/dist-packages/serial_motor_demo_msgs/msg/_motor_command_s.c
[97.760s] -- Symlinking: /home/d/Finale/pi-code/install/serial_motor_demo_msgs/local/lib/python3.10/dist-packages/serial_motor_demo_msgs/msg/_motor_vels.py
[97.854s] -- Symlinking: /home/d/Finale/pi-code/install/serial_motor_demo_msgs/local/lib/python3.10/dist-packages/serial_motor_demo_msgs/msg/_motor_vels_s.c
[97.911s] -- Symlinking: /home/d/Finale/pi-code/install/serial_motor_demo_msgs/local/lib/python3.10/dist-packages/serial_motor_demo_msgs/serial_motor_demo_msgs_s__rosidl_typesupport_c.cpython-310-x86_64-linux-gnu.so
[97.965s] -- Symlinking: /home/d/Finale/pi-code/install/serial_motor_demo_msgs/local/lib/python3.10/dist-packages/serial_motor_demo_msgs/serial_motor_demo_msgs_s__rosidl_typesupport_fastrtps_c.cpython-310-x86_64-linux-gnu.so
[98.024s] -- Symlinking: /home/d/Finale/pi-code/install/serial_motor_demo_msgs/local/lib/python3.10/dist-packages/serial_motor_demo_msgs/serial_motor_demo_msgs_s__rosidl_typesupport_introspection_c.cpython-310-x86_64-linux-gnu.so
[98.097s] -- Up-to-date symlink: /home/d/Finale/pi-code/install/serial_motor_demo_msgs/local/lib/python3.10/dist-packages/serial_motor_demo_msgs/serial_motor_demo_msgs_s__rosidl_typesupport_fastrtps_c.cpython-310-x86_64-linux-gnu.so
[98.110s] -- Up-to-date symlink: /home/d/Finale/pi-code/install/serial_motor_demo_msgs/local/lib/python3.10/dist-packages/serial_motor_demo_msgs/serial_motor_demo_msgs_s__rosidl_typesupport_introspection_c.cpython-310-x86_64-linux-gnu.so
[98.112s] -- Up-to-date symlink: /home/d/Finale/pi-code/install/serial_motor_demo_msgs/local/lib/python3.10/dist-packages/serial_motor_demo_msgs/serial_motor_demo_msgs_s__rosidl_typesupport_c.cpython-310-x86_64-linux-gnu.so
[98.125s] -- Symlinking: /home/d/Finale/pi-code/install/serial_motor_demo_msgs/share/serial_motor_demo_msgs/msg/MotorCommand.idl
[98.188s] -- Symlinking: /home/d/Finale/pi-code/install/serial_motor_demo_msgs/share/serial_motor_demo_msgs/msg/MotorVels.idl
[98.290s] -- Symlinking: /home/d/Finale/pi-code/install/serial_motor_demo_msgs/share/serial_motor_demo_msgs/msg/EncoderVals.idl
[98.374s] -- Symlinking: /home/d/Finale/pi-code/install/serial_motor_demo_msgs/share/serial_motor_demo_msgs/msg/MotorCommand.msg
[98.476s] -- Symlinking: /home/d/Finale/pi-code/install/serial_motor_demo_msgs/share/serial_motor_demo_msgs/msg/MotorVels.msg
[98.580s] -- Symlinking: /home/d/Finale/pi-code/install/serial_motor_demo_msgs/share/serial_motor_demo_msgs/msg/EncoderVals.msg
[98.684s] -- Symlinking: /home/d/Finale/pi-code/install/serial_motor_demo_msgs/share/ament_index/resource_index/package_run_dependencies/serial_motor_demo_msgs
[98.736s] -- Symlinking: /home/d/Finale/pi-code/install/serial_motor_demo_msgs/share/ament_index/resource_index/parent_prefix_path/serial_motor_demo_msgs
[98.784s] -- Symlinking: /home/d/Finale/pi-code/install/serial_motor_demo_msgs/share/serial_motor_demo_msgs/environment/ament_prefix_path.sh
[98.837s] -- Symlinking: /home/d/Finale/pi-code/install/serial_motor_demo_msgs/share/serial_motor_demo_msgs/environment/ament_prefix_path.dsv
[98.899s] -- Symlinking: /home/d/Finale/pi-code/install/serial_motor_demo_msgs/share/serial_motor_demo_msgs/environment/path.sh
[98.950s] -- Symlinking: /home/d/Finale/pi-code/install/serial_motor_demo_msgs/share/serial_motor_demo_msgs/environment/path.dsv
[99.005s] -- Symlinking: /home/d/Finale/pi-code/install/serial_motor_demo_msgs/share/serial_motor_demo_msgs/local_setup.bash
[99.061s] -- Symlinking: /home/d/Finale/pi-code/install/serial_motor_demo_msgs/share/serial_motor_demo_msgs/local_setup.sh
[99.124s] -- Symlinking: /home/d/Finale/pi-code/install/serial_motor_demo_msgs/share/serial_motor_demo_msgs/local_setup.zsh
[99.231s] -- Symlinking: /home/d/Finale/pi-code/install/serial_motor_demo_msgs/share/serial_motor_demo_msgs/local_setup.dsv
[99.322s] -- Symlinking: /home/d/Finale/pi-code/install/serial_motor_demo_msgs/share/serial_motor_demo_msgs/package.dsv
[99.394s] -- Symlinking: /home/d/Finale/pi-code/install/serial_motor_demo_msgs/share/ament_index/resource_index/packages/serial_motor_demo_msgs
[99.476s] -- Symlinking: /home/d/Finale/pi-code/install/serial_motor_demo_msgs/share/serial_motor_demo_msgs/cmake/rosidl_cmake-extras.cmake
[99.544s] -- Symlinking: /home/d/Finale/pi-code/install/serial_motor_demo_msgs/share/serial_motor_demo_msgs/cmake/ament_cmake_export_include_directories-extras.cmake
[99.622s] -- Symlinking: /home/d/Finale/pi-code/install/serial_motor_demo_msgs/share/serial_motor_demo_msgs/cmake/ament_cmake_export_libraries-extras.cmake
[99.739s] -- Symlinking: /home/d/Finale/pi-code/install/serial_motor_demo_msgs/share/serial_motor_demo_msgs/cmake/ament_cmake_export_targets-extras.cmake
[99.872s] -- Symlinking: /home/d/Finale/pi-code/install/serial_motor_demo_msgs/share/serial_motor_demo_msgs/cmake/rosidl_cmake_export_typesupport_targets-extras.cmake
[99.934s] -- Symlinking: /home/d/Finale/pi-code/install/serial_motor_demo_msgs/share/serial_motor_demo_msgs/cmake/ament_cmake_export_dependencies-extras.cmake
[100.032s] -- Symlinking: /home/d/Finale/pi-code/install/serial_motor_demo_msgs/share/serial_motor_demo_msgs/cmake/rosidl_cmake_export_typesupport_libraries-extras.cmake
[100.101s] -- Symlinking: /home/d/Finale/pi-code/install/serial_motor_demo_msgs/share/serial_motor_demo_msgs/cmake/serial_motor_demo_msgsConfig.cmake
[100.210s] -- Symlinking: /home/d/Finale/pi-code/install/serial_motor_demo_msgs/share/serial_motor_demo_msgs/cmake/serial_motor_demo_msgsConfig-version.cmake
[100.265s] -- Symlinking: /home/d/Finale/pi-code/install/serial_motor_demo_msgs/share/serial_motor_demo_msgs/package.xml
[100.365s] -- Installing: /home/d/Finale/pi-code/install/serial_motor_demo_msgs/lib/libserial_motor_demo_msgs__rosidl_generator_c.so
[100.372s] -- Set runtime path of "/home/d/Finale/pi-code/install/serial_motor_demo_msgs/lib/libserial_motor_demo_msgs__rosidl_generator_c.so" to ""
[100.377s] -- Installing: /home/d/Finale/pi-code/install/serial_motor_demo_msgs/lib/libserial_motor_demo_msgs__rosidl_typesupport_fastrtps_c.so
[100.390s] -- Set runtime path of "/home/d/Finale/pi-code/install/serial_motor_demo_msgs/lib/libserial_motor_demo_msgs__rosidl_typesupport_fastrtps_c.so" to ""
[100.394s] -- Installing: /home/d/Finale/pi-code/install/serial_motor_demo_msgs/lib/libserial_motor_demo_msgs__rosidl_typesupport_introspection_c.so
[100.398s] -- Set runtime path of "/home/d/Finale/pi-code/install/serial_motor_demo_msgs/lib/libserial_motor_demo_msgs__rosidl_typesupport_introspection_c.so" to ""
[100.406s] -- Installing: /home/d/Finale/pi-code/install/serial_motor_demo_msgs/lib/libserial_motor_demo_msgs__rosidl_typesupport_c.so
[100.416s] -- Set runtime path of "/home/d/Finale/pi-code/install/serial_motor_demo_msgs/lib/libserial_motor_demo_msgs__rosidl_typesupport_c.so" to ""
[100.416s] -- Installing: /home/d/Finale/pi-code/install/serial_motor_demo_msgs/lib/libserial_motor_demo_msgs__rosidl_typesupport_fastrtps_cpp.so
[100.433s] -- Set runtime path of "/home/d/Finale/pi-code/install/serial_motor_demo_msgs/lib/libserial_motor_demo_msgs__rosidl_typesupport_fastrtps_cpp.so" to ""
[100.437s] -- Installing: /home/d/Finale/pi-code/install/serial_motor_demo_msgs/lib/libserial_motor_demo_msgs__rosidl_typesupport_introspection_cpp.so
[100.442s] -- Set runtime path of "/home/d/Finale/pi-code/install/serial_motor_demo_msgs/lib/libserial_motor_demo_msgs__rosidl_typesupport_introspection_cpp.so" to ""
[100.442s] -- Installing: /home/d/Finale/pi-code/install/serial_motor_demo_msgs/lib/libserial_motor_demo_msgs__rosidl_typesupport_cpp.so
[100.453s] -- Set runtime path of "/home/d/Finale/pi-code/install/serial_motor_demo_msgs/lib/libserial_motor_demo_msgs__rosidl_typesupport_cpp.so" to ""
[100.757s] Listing '/home/d/Finale/pi-code/install/serial_motor_demo_msgs/local/lib/python3.10/dist-packages/serial_motor_demo_msgs'...
[100.757s] Compiling '/home/d/Finale/pi-code/install/serial_motor_demo_msgs/local/lib/python3.10/dist-packages/serial_motor_demo_msgs/__init__.py'...
[100.762s] Listing '/home/d/Finale/pi-code/install/serial_motor_demo_msgs/local/lib/python3.10/dist-packages/serial_motor_demo_msgs/msg'...
[100.763s] Compiling '/home/d/Finale/pi-code/install/serial_motor_demo_msgs/local/lib/python3.10/dist-packages/serial_motor_demo_msgs/msg/__init__.py'...
[100.770s] Compiling '/home/d/Finale/pi-code/install/serial_motor_demo_msgs/local/lib/python3.10/dist-packages/serial_motor_demo_msgs/msg/_encoder_vals.py'...
[100.770s] Compiling '/home/d/Finale/pi-code/install/serial_motor_demo_msgs/local/lib/python3.10/dist-packages/serial_motor_demo_msgs/msg/_motor_command.py'...
[100.771s] Compiling '/home/d/Finale/pi-code/install/serial_motor_demo_msgs/local/lib/python3.10/dist-packages/serial_motor_demo_msgs/msg/_motor_vels.py'...
[100.786s] -- Installing: /home/d/Finale/pi-code/install/serial_motor_demo_msgs/lib/libserial_motor_demo_msgs__rosidl_generator_py.so
[100.789s] -- Set runtime path of "/home/d/Finale/pi-code/install/serial_motor_demo_msgs/lib/libserial_motor_demo_msgs__rosidl_generator_py.so" to ""
[100.791s] -- Installing: /home/d/Finale/pi-code/install/serial_motor_demo_msgs/share/serial_motor_demo_msgs/cmake/export_serial_motor_demo_msgs__rosidl_generator_cExport.cmake
[100.792s] -- Installing: /home/d/Finale/pi-code/install/serial_motor_demo_msgs/share/serial_motor_demo_msgs/cmake/export_serial_motor_demo_msgs__rosidl_generator_cExport-noconfig.cmake
[100.793s] -- Installing: /home/d/Finale/pi-code/install/serial_motor_demo_msgs/share/serial_motor_demo_msgs/cmake/export_serial_motor_demo_msgs__rosidl_typesupport_fastrtps_cExport.cmake
[100.795s] -- Installing: /home/d/Finale/pi-code/install/serial_motor_demo_msgs/share/serial_motor_demo_msgs/cmake/export_serial_motor_demo_msgs__rosidl_typesupport_fastrtps_cExport-noconfig.cmake
[100.796s] -- Installing: /home/d/Finale/pi-code/install/serial_motor_demo_msgs/share/serial_motor_demo_msgs/cmake/serial_motor_demo_msgs__rosidl_typesupport_introspection_cExport.cmake
[100.798s] -- Installing: /home/d/Finale/pi-code/install/serial_motor_demo_msgs/share/serial_motor_demo_msgs/cmake/serial_motor_demo_msgs__rosidl_typesupport_introspection_cExport-noconfig.cmake
[100.804s] -- Installing: /home/d/Finale/pi-code/install/serial_motor_demo_msgs/share/serial_motor_demo_msgs/cmake/serial_motor_demo_msgs__rosidl_typesupport_cExport.cmake
[100.804s] -- Installing: /home/d/Finale/pi-code/install/serial_motor_demo_msgs/share/serial_motor_demo_msgs/cmake/serial_motor_demo_msgs__rosidl_typesupport_cExport-noconfig.cmake
[100.805s] -- Installing: /home/d/Finale/pi-code/install/serial_motor_demo_msgs/share/serial_motor_demo_msgs/cmake/export_serial_motor_demo_msgs__rosidl_generator_cppExport.cmake
[100.805s] -- Installing: /home/d/Finale/pi-code/install/serial_motor_demo_msgs/share/serial_motor_demo_msgs/cmake/export_serial_motor_demo_msgs__rosidl_typesupport_fastrtps_cppExport.cmake
[100.806s] -- Installing: /home/d/Finale/pi-code/install/serial_motor_demo_msgs/share/serial_motor_demo_msgs/cmake/export_serial_motor_demo_msgs__rosidl_typesupport_fastrtps_cppExport-noconfig.cmake
[100.808s] -- Installing: /home/d/Finale/pi-code/install/serial_motor_demo_msgs/share/serial_motor_demo_msgs/cmake/serial_motor_demo_msgs__rosidl_typesupport_introspection_cppExport.cmake
[100.809s] -- Installing: /home/d/Finale/pi-code/install/serial_motor_demo_msgs/share/serial_motor_demo_msgs/cmake/serial_motor_demo_msgs__rosidl_typesupport_introspection_cppExport-noconfig.cmake
[100.813s] -- Installing: /home/d/Finale/pi-code/install/serial_motor_demo_msgs/share/serial_motor_demo_msgs/cmake/serial_motor_demo_msgs__rosidl_typesupport_cppExport.cmake
[100.819s] -- Installing: /home/d/Finale/pi-code/install/serial_motor_demo_msgs/share/serial_motor_demo_msgs/cmake/serial_motor_demo_msgs__rosidl_typesupport_cppExport-noconfig.cmake
[100.820s] -- Installing: /home/d/Finale/pi-code/install/serial_motor_demo_msgs/share/serial_motor_demo_msgs/cmake/export_serial_motor_demo_msgs__rosidl_generator_pyExport.cmake
[100.822s] -- Installing: /home/d/Finale/pi-code/install/serial_motor_demo_msgs/share/serial_motor_demo_msgs/cmake/export_serial_motor_demo_msgs__rosidl_generator_pyExport-noconfig.cmake
[100.829s] Invoked command in '/home/d/Finale/pi-code/build/serial_motor_demo_msgs' returned '0': CMAKE_PREFIX_PATH=${CMAKE_PREFIX_PATH}:/home/d/Finale/pi-code/install/joy_tester:/opt/ros/humble /usr/bin/cmake --install /home/d/Finale/pi-code/build/serial_motor_demo_msgs
