In file included from [01m[K/home/d/Finale/pi-code/src/diffdrive_arduino/src/fake_robot.cpp:1[m[K:
[01m[K/home/d/Finale/pi-code/src/diffdrive_arduino/include/diffdrive_arduino/fake_robot.h:46:3:[m[K [01;31m[Kerror: [m[K‘[01m[Kfront_left_wheel_name[m[K’ does not name a type
   46 |   [01;31m[Kfront_left_wheel_name[m[K;
      |   [01;31m[K^~~~~~~~~~~~~~~~~~~~~[m[K
[01m[K/home/d/Finale/pi-code/src/diffdrive_arduino/include/diffdrive_arduino/fake_robot.h:47:3:[m[K [01;31m[Kerror: [m[K‘[01m[Kfront_right_wheel_name[m[K’ does not name a type
   47 |   [01;31m[Kfront_right_wheel_name[m[K;
      |   [01;31m[K^~~~~~~~~~~~~~~~~~~~~~[m[K
[01m[K/home/d/Finale/pi-code/src/diffdrive_arduino/include/diffdrive_arduino/fake_robot.h:48:3:[m[K [01;31m[Kerror: [m[K‘[01m[Kback_left_wheel_name[m[K’ does not name a type
   48 |   [01;31m[Kback_left_wheel_name[m[K;
      |   [01;31m[K^~~~~~~~~~~~~~~~~~~~[m[K
[01m[K/home/d/Finale/pi-code/src/diffdrive_arduino/include/diffdrive_arduino/fake_robot.h:49:3:[m[K [01;31m[Kerror: [m[K‘[01m[Kback_right_wheel_name[m[K’ does not name a type
   49 |   [01;31m[Kback_right_wheel_name[m[K;
      |   [01;31m[K^~~~~~~~~~~~~~~~~~~~~[m[K
[01m[K/home/d/Finale/pi-code/src/diffdrive_arduino/src/fake_robot.cpp:[m[K In member function ‘[01m[Kvirtual hardware_interface::CallbackReturn FakeRobot::on_init(const hardware_interface::HardwareInfo&)[m[K’:
[01m[K/home/d/Finale/pi-code/src/diffdrive_arduino/src/fake_robot.cpp:32:3:[m[K [01;31m[Kerror: [m[K‘[01m[Kfront_l_wheel_[m[K’ was not declared in this scope
   32 |   [01;31m[Kfront_l_wheel_[m[K.setup(cfg_.front_left_wheel_name, cfg_.enc_counts_per_rev); // ** ** back wheels!
      |   [01;31m[K^~~~~~~~~~~~~~[m[K
[01m[K/home/d/Finale/pi-code/src/diffdrive_arduino/src/fake_robot.cpp:33:3:[m[K [01;31m[Kerror: [m[K‘[01m[Kfront_r_wheel_[m[K’ was not declared in this scope
   33 |   [01;31m[Kfront_r_wheel_[m[K.setup(cfg_.front_right_wheel_name, cfg_.enc_counts_per_rev);
      |   [01;31m[K^~~~~~~~~~~~~~[m[K
[01m[K/home/d/Finale/pi-code/src/diffdrive_arduino/src/fake_robot.cpp:35:3:[m[K [01;31m[Kerror: [m[K‘[01m[Kback_l_wheel_[m[K’ was not declared in this scope
   35 |   [01;31m[Kback_l_wheel_[m[K.setup(cfg_.back_left_wheel_name, cfg_.enc_counts_per_rev); // ** ** back wheels!
      |   [01;31m[K^~~~~~~~~~~~~[m[K
[01m[K/home/d/Finale/pi-code/src/diffdrive_arduino/src/fake_robot.cpp:36:3:[m[K [01;31m[Kerror: [m[K‘[01m[Kback_r_wheel_[m[K’ was not declared in this scope
   36 |   [01;31m[Kback_r_wheel_[m[K.setup(cfg_.back_right_wheel_name, cfg_.enc_counts_per_rev);
      |   [01;31m[K^~~~~~~~~~~~~[m[K
[01m[K/home/d/Finale/pi-code/src/diffdrive_arduino/src/fake_robot.cpp:[m[K In member function ‘[01m[Kvirtual std::vector<hardware_interface::StateInterface> FakeRobot::export_state_interfaces()[m[K’:
[01m[K/home/d/Finale/pi-code/src/diffdrive_arduino/src/fake_robot.cpp:49:68:[m[K [01;31m[Kerror: [m[K‘[01m[Kfront_l_wheel_[m[K’ was not declared in this scope
   49 | _interfaces.emplace_back(hardware_interface::StateInterface([01;31m[Kfront_l_wheel_[m[K.name, hardware_interface::HW_IF_VELOCITY, &front_l_wheel_.vel));
      |                                                             [01;31m[K^~~~~~~~~~~~~~[m[K

[01m[K/home/d/Finale/pi-code/src/diffdrive_arduino/src/fake_robot.cpp:51:68:[m[K [01;31m[Kerror: [m[K‘[01m[Kfront_r_wheel_[m[K’ was not declared in this scope
   51 | _interfaces.emplace_back(hardware_interface::StateInterface([01;31m[Kfront_r_wheel_[m[K.name, hardware_interface::HW_IF_VELOCITY, &front_r_wheel_.vel));
      |                                                             [01;31m[K^~~~~~~~~~~~~~[m[K

[01m[K/home/d/Finale/pi-code/src/diffdrive_arduino/src/fake_robot.cpp:54:68:[m[K [01;31m[Kerror: [m[K‘[01m[Kback_l_wheel_[m[K’ was not declared in this scope
   54 | _interfaces.emplace_back(hardware_interface::StateInterface([01;31m[Kback_l_wheel_[m[K.name, hardware_interface::HW_IF_VELOCITY, &back_l_wheel_.vel));
      |                                                             [01;31m[K^~~~~~~~~~~~~[m[K

[01m[K/home/d/Finale/pi-code/src/diffdrive_arduino/src/fake_robot.cpp:56:68:[m[K [01;31m[Kerror: [m[K‘[01m[Kback_r_wheel_[m[K’ was not declared in this scope
   56 | _interfaces.emplace_back(hardware_interface::StateInterface([01;31m[Kback_r_wheel_[m[K.name, hardware_interface::HW_IF_VELOCITY, &back_r_wheel_.vel));
      |                                                             [01;31m[K^~~~~~~~~~~~~[m[K

[01m[K/home/d/Finale/pi-code/src/diffdrive_arduino/src/fake_robot.cpp:[m[K In member function ‘[01m[Kvirtual std::vector<hardware_interface::CommandInterface> FakeRobot::export_command_interfaces()[m[K’:
[01m[K/home/d/Finale/pi-code/src/diffdrive_arduino/src/fake_robot.cpp:68:72:[m[K [01;31m[Kerror: [m[K‘[01m[Kfront_l_wheel_[m[K’ was not declared in this scope
   68 | nterfaces.emplace_back(hardware_interface::CommandInterface([01;31m[Kfront_l_wheel_[m[K.name, hardware_interface::HW_IF_VELOCITY, &front_l_wheel_.cmd));
      |                                                             [01;31m[K^~~~~~~~~~~~~~[m[K

[01m[K/home/d/Finale/pi-code/src/diffdrive_arduino/src/fake_robot.cpp:69:72:[m[K [01;31m[Kerror: [m[K‘[01m[Kfront_r_wheel_[m[K’ was not declared in this scope
   69 | nterfaces.emplace_back(hardware_interface::CommandInterface([01;31m[Kfront_r_wheel_[m[K.name, hardware_interface::HW_IF_VELOCITY, &front_r_wheel_.cmd));
      |                                                             [01;31m[K^~~~~~~~~~~~~~[m[K

[01m[K/home/d/Finale/pi-code/src/diffdrive_arduino/src/fake_robot.cpp:71:72:[m[K [01;31m[Kerror: [m[K‘[01m[Kback_l_wheel_[m[K’ was not declared in this scope
   71 | nterfaces.emplace_back(hardware_interface::CommandInterface([01;31m[Kback_l_wheel_[m[K.name, hardware_interface::HW_IF_VELOCITY, &back_l_wheel_.cmd));
      |                                                             [01;31m[K^~~~~~~~~~~~~[m[K

[01m[K/home/d/Finale/pi-code/src/diffdrive_arduino/src/fake_robot.cpp:72:72:[m[K [01;31m[Kerror: [m[K‘[01m[Kback_r_wheel_[m[K’ was not declared in this scope
   72 | nterfaces.emplace_back(hardware_interface::CommandInterface([01;31m[Kback_r_wheel_[m[K.name, hardware_interface::HW_IF_VELOCITY, &back_r_wheel_.cmd));
      |                                                             [01;31m[K^~~~~~~~~~~~~[m[K

[01m[K/home/d/Finale/pi-code/src/diffdrive_arduino/src/fake_robot.cpp:[m[K In member function ‘[01m[Kvirtual hardware_interface::return_type FakeRobot::read(const rclcpp::Time&, const rclcpp::Duration&)[m[K’:
[01m[K/home/d/Finale/pi-code/src/diffdrive_arduino/src/fake_robot.cpp:105:3:[m[K [01;31m[Kerror: [m[K‘[01m[Kfront_l_wheel_[m[K’ was not declared in this scope
  105 |   [01;31m[Kfront_l_wheel_[m[K.pos = front_l_wheel_.pos + front_l_wheel_.vel * deltaSeconds;
      |   [01;31m[K^~~~~~~~~~~~~~[m[K
[01m[K/home/d/Finale/pi-code/src/diffdrive_arduino/src/fake_robot.cpp:106:3:[m[K [01;31m[Kerror: [m[K‘[01m[Kfront_r_wheel_[m[K’ was not declared in this scope
  106 |   [01;31m[Kfront_r_wheel_[m[K.pos = front_r_wheel_.pos + front_r_wheel_.vel * deltaSeconds;
      |   [01;31m[K^~~~~~~~~~~~~~[m[K
[01m[K/home/d/Finale/pi-code/src/diffdrive_arduino/src/fake_robot.cpp:108:3:[m[K [01;31m[Kerror: [m[K‘[01m[Kback_l_wheel_[m[K’ was not declared in this scope
  108 |   [01;31m[Kback_l_wheel_[m[K.pos = back_l_wheel_.pos + back_l_wheel_.vel * deltaSeconds;
      |   [01;31m[K^~~~~~~~~~~~~[m[K
[01m[K/home/d/Finale/pi-code/src/diffdrive_arduino/src/fake_robot.cpp:109:3:[m[K [01;31m[Kerror: [m[K‘[01m[Kback_r_wheel_[m[K’ was not declared in this scope
  109 |   [01;31m[Kback_r_wheel_[m[K.pos = back_r_wheel_.pos + back_r_wheel_.vel * deltaSeconds;
      |   [01;31m[K^~~~~~~~~~~~~[m[K
[01m[K/home/d/Finale/pi-code/src/diffdrive_arduino/src/fake_robot.cpp:[m[K In member function ‘[01m[Kvirtual hardware_interface::return_type FakeRobot::write(const rclcpp::Time&, const rclcpp::Duration&)[m[K’:
[01m[K/home/d/Finale/pi-code/src/diffdrive_arduino/src/fake_robot.cpp:121:3:[m[K [01;31m[Kerror: [m[K‘[01m[Kfront_l_wheel_[m[K’ was not declared in this scope
  121 |   [01;31m[Kfront_l_wheel_[m[K.vel = front_l_wheel_.cmd;
      |   [01;31m[K^~~~~~~~~~~~~~[m[K
[01m[K/home/d/Finale/pi-code/src/diffdrive_arduino/src/fake_robot.cpp:122:3:[m[K [01;31m[Kerror: [m[K‘[01m[Kfront_r_wheel_[m[K’ was not declared in this scope
  122 |   [01;31m[Kfront_r_wheel_[m[K.vel = front_r_wheel_.cmd;
      |   [01;31m[K^~~~~~~~~~~~~~[m[K
[01m[K/home/d/Finale/pi-code/src/diffdrive_arduino/src/fake_robot.cpp:124:3:[m[K [01;31m[Kerror: [m[K‘[01m[Kback_l_wheel_[m[K’ was not declared in this scope
  124 |   [01;31m[Kback_l_wheel_[m[K.vel = back_l_wheel_.cmd;
      |   [01;31m[K^~~~~~~~~~~~~[m[K
[01m[K/home/d/Finale/pi-code/src/diffdrive_arduino/src/fake_robot.cpp:125:3:[m[K [01;31m[Kerror: [m[K‘[01m[Kback_r_wheel_[m[K’ was not declared in this scope
  125 |   [01;31m[Kback_r_wheel_[m[K.vel = back_r_wheel_.cmd;
      |   [01;31m[K^~~~~~~~~~~~~[m[K
gmake[2]: *** [CMakeFiles/fake_robot.dir/build.make:76: CMakeFiles/fake_robot.dir/src/fake_robot.cpp.o] Error 1
gmake[1]: *** [CMakeFiles/Makefile2:165: CMakeFiles/fake_robot.dir/all] Error 2
gmake: *** [Makefile:146: all] Error 2
