[0.082s] Invoking command in '/home/d/Finale/pi-code/build/jkl': CMAKE_PREFIX_PATH=${CMAKE_PREFIX_PATH}:/home/d/Finale/pi-code/install/joy_tester:/opt/ros/humble /usr/bin/cmake /home/d/Finale/pi-code/src/jkl -DAMENT_CMAKE_SYMLINK_INSTALL=1 -DCMAKE_INSTALL_PREFIX=/home/d/Finale/pi-code/install/jkl
[0.378s] -- The CXX compiler identification is GNU 11.4.0
[0.436s] -- Detecting CXX compiler ABI info
[0.933s] -- Detecting CXX compiler ABI info - done
[0.992s] -- Check for working CXX compiler: /usr/bin/gcc-11 - skipped
[0.996s] -- Detecting CXX compile features
[0.997s] -- Detecting CXX compile features - done
[1.037s] -- Found ament_cmake: 1.3.12 (/opt/ros/humble/share/ament_cmake/cmake)
[2.102s] -- Found Python3: /usr/bin/python3 (found version "3.10.12") found components: Interpreter 
[2.583s] -- Override CMake install command with custom implementation using symlinks instead of copying resources
[2.894s] -- Found ament_lint_auto: 0.12.14 (/opt/ros/humble/share/ament_lint_auto/cmake)
[3.670s] -- Added test 'copyright' to check source files copyright and LICENSE
[3.716s] -- Added test 'flake8' to check Python code syntax and style conventions
[3.725s] -- Added test 'lint_cmake' to check CMake code style
[3.728s] -- Added test 'pep257' to check Python code against some of the docstring style conventions in PEP 257
[3.751s] -- Added test 'xmllint' to check XML markup files
[3.764s] -- Configuring done
[3.794s] -- Generating done
[3.809s] -- Build files have been written to: /home/d/Finale/pi-code/build/jkl
[3.836s] Invoked command in '/home/d/Finale/pi-code/build/jkl' returned '0': CMAKE_PREFIX_PATH=${CMAKE_PREFIX_PATH}:/home/d/Finale/pi-code/install/joy_tester:/opt/ros/humble /usr/bin/cmake /home/d/Finale/pi-code/src/jkl -DAMENT_CMAKE_SYMLINK_INSTALL=1 -DCMAKE_INSTALL_PREFIX=/home/d/Finale/pi-code/install/jkl
[3.870s] Invoking command in '/home/d/Finale/pi-code/build/jkl': CMAKE_PREFIX_PATH=${CMAKE_PREFIX_PATH}:/home/d/Finale/pi-code/install/joy_tester:/opt/ros/humble /usr/bin/cmake --build /home/d/Finale/pi-code/build/jkl -- -j4 -l4
[4.147s] Invoked command in '/home/d/Finale/pi-code/build/jkl' returned '0': CMAKE_PREFIX_PATH=${CMAKE_PREFIX_PATH}:/home/d/Finale/pi-code/install/joy_tester:/opt/ros/humble /usr/bin/cmake --build /home/d/Finale/pi-code/build/jkl -- -j4 -l4
[4.249s] Invoking command in '/home/d/Finale/pi-code/build/jkl': CMAKE_PREFIX_PATH=${CMAKE_PREFIX_PATH}:/home/d/Finale/pi-code/install/joy_tester:/opt/ros/humble /usr/bin/cmake --install /home/d/Finale/pi-code/build/jkl
[4.346s] -- Install configuration: ""
[4.346s] -- Execute custom install script
[4.354s] -- Symlinking: /home/d/Finale/pi-code/install/jkl/share/jkl/config/behaviour_trees/navigate_through_poses_w_replanning_and_recovery.xml
[4.410s] -- Symlinking: /home/d/Finale/pi-code/install/jkl/share/jkl/config/behaviour_trees/navigate_to_pose_w_replanning_and_recovery.xml
[4.510s] -- Symlinking: /home/d/Finale/pi-code/install/jkl/share/jkl/config/empty.yaml
[4.567s] -- Symlinking: /home/d/Finale/pi-code/install/jkl/share/jkl/config/gaz_ros2_ctl_use_sim.yaml
[4.629s] -- Symlinking: /home/d/Finale/pi-code/install/jkl/share/jkl/config/gz_bridge.yaml
[4.715s] -- Symlinking: /home/d/Finale/pi-code/install/jkl/share/jkl/config/joystick.yaml
[4.814s] -- Symlinking: /home/d/Finale/pi-code/install/jkl/share/jkl/config/mapper_params_online_async.yaml
[4.916s] -- Symlinking: /home/d/Finale/pi-code/install/jkl/share/jkl/config/my_controllers.yaml
[4.976s] -- Symlinking: /home/d/Finale/pi-code/install/jkl/share/jkl/config/nav2_params.yaml
[5.079s] -- Symlinking: /home/d/Finale/pi-code/install/jkl/share/jkl/config/twist_mux.yaml
[5.167s] -- Symlinking: /home/d/Finale/pi-code/install/jkl/share/jkl/description/gazebo_control.xacro
[5.261s] -- Symlinking: /home/d/Finale/pi-code/install/jkl/share/jkl/description/meshes/back_left.stl
[5.397s] -- Symlinking: /home/d/Finale/pi-code/install/jkl/share/jkl/description/meshes/back_right.stl
[5.528s] -- Symlinking: /home/d/Finale/pi-code/install/jkl/share/jkl/description/meshes/base_link.stl
[5.654s] -- Symlinking: /home/d/Finale/pi-code/install/jkl/share/jkl/description/meshes/camera_link.stl
[5.756s] -- Symlinking: /home/d/Finale/pi-code/install/jkl/share/jkl/description/meshes/front_left.stl
[5.902s] -- Symlinking: /home/d/Finale/pi-code/install/jkl/share/jkl/description/meshes/front_right.stl
[5.985s] -- Symlinking: /home/d/Finale/pi-code/install/jkl/share/jkl/description/meshes/lidar_link.stl
[6.037s] -- Symlinking: /home/d/Finale/pi-code/install/jkl/share/jkl/description/robot.urdf.xacro
[6.091s] -- Symlinking: /home/d/Finale/pi-code/install/jkl/share/jkl/description/ros2_control.xacro
[6.141s] -- Symlinking: /home/d/Finale/pi-code/install/jkl/share/jkl/description/urdf/knight.gazebo
[6.202s] -- Symlinking: /home/d/Finale/pi-code/install/jkl/share/jkl/description/urdf/knight.trans
[6.334s] -- Symlinking: /home/d/Finale/pi-code/install/jkl/share/jkl/description/urdf/knight.xacro
[6.489s] -- Symlinking: /home/d/Finale/pi-code/install/jkl/share/jkl/description/urdf/lidar_link.stl
[6.658s] -- Symlinking: /home/d/Finale/pi-code/install/jkl/share/jkl/description/urdf/materials.xacro
[6.845s] -- Symlinking: /home/d/Finale/pi-code/install/jkl/share/jkl/launch/joystick.launch.py
[7.054s] -- Symlinking: /home/d/Finale/pi-code/install/jkl/share/jkl/launch/launch_robot.launch.py
[7.231s] -- Symlinking: /home/d/Finale/pi-code/install/jkl/share/jkl/launch/launch_sim.launch.py
[7.344s] -- Symlinking: /home/d/Finale/pi-code/install/jkl/share/jkl/launch/localization_launch.py
[7.496s] -- Symlinking: /home/d/Finale/pi-code/install/jkl/share/jkl/launch/navigation_launch.py
[7.562s] -- Symlinking: /home/d/Finale/pi-code/install/jkl/share/jkl/launch/online_async_launch.py
[7.653s] -- Symlinking: /home/d/Finale/pi-code/install/jkl/share/jkl/launch/rplidar.launch.py
[7.710s] -- Symlinking: /home/d/Finale/pi-code/install/jkl/share/jkl/launch/rsp.launch.py
[7.815s] -- Symlinking: /home/d/Finale/pi-code/install/jkl/share/jkl/worlds/dojo2024
[7.933s] -- Symlinking: /home/d/Finale/pi-code/install/jkl/share/jkl/worlds/empty.sdf
[8.002s] -- Symlinking: /home/d/Finale/pi-code/install/jkl/share/jkl/worlds/obstacles
[8.112s] -- Symlinking: /home/d/Finale/pi-code/install/jkl/share/jkl/worlds/test_world.sdf
[8.219s] -- Symlinking: /home/d/Finale/pi-code/install/jkl/share/ament_index/resource_index/package_run_dependencies/jkl
[8.315s] -- Symlinking: /home/d/Finale/pi-code/install/jkl/share/ament_index/resource_index/parent_prefix_path/jkl
[8.368s] -- Symlinking: /home/d/Finale/pi-code/install/jkl/share/jkl/environment/ament_prefix_path.sh
[8.419s] -- Symlinking: /home/d/Finale/pi-code/install/jkl/share/jkl/environment/ament_prefix_path.dsv
[8.469s] -- Symlinking: /home/d/Finale/pi-code/install/jkl/share/jkl/environment/path.sh
[8.519s] -- Symlinking: /home/d/Finale/pi-code/install/jkl/share/jkl/environment/path.dsv
[8.572s] -- Symlinking: /home/d/Finale/pi-code/install/jkl/share/jkl/local_setup.bash
[8.623s] -- Symlinking: /home/d/Finale/pi-code/install/jkl/share/jkl/local_setup.sh
[8.676s] -- Symlinking: /home/d/Finale/pi-code/install/jkl/share/jkl/local_setup.zsh
[8.728s] -- Symlinking: /home/d/Finale/pi-code/install/jkl/share/jkl/local_setup.dsv
[8.781s] -- Symlinking: /home/d/Finale/pi-code/install/jkl/share/jkl/package.dsv
[8.832s] -- Symlinking: /home/d/Finale/pi-code/install/jkl/share/ament_index/resource_index/packages/jkl
[8.885s] -- Symlinking: /home/d/Finale/pi-code/install/jkl/share/jkl/cmake/jklConfig.cmake
[8.959s] -- Symlinking: /home/d/Finale/pi-code/install/jkl/share/jkl/cmake/jklConfig-version.cmake
[9.070s] -- Symlinking: /home/d/Finale/pi-code/install/jkl/share/jkl/package.xml
[9.223s] Invoked command in '/home/d/Finale/pi-code/build/jkl' returned '0': CMAKE_PREFIX_PATH=${CMAKE_PREFIX_PATH}:/home/d/Finale/pi-code/install/joy_tester:/opt/ros/humble /usr/bin/cmake --install /home/d/Finale/pi-code/build/jkl
